{"logTime": "0213/184138", "correlationVector":"pSftQ/U9tNJaD9w+Okidj+.58","action":"GetUpdates", "result":"DeleteReceived", "context":{"id":"df6e40fc-6b8b-4bce-bea0-ba58bdab0b8b", "isDeleted:":"true", "version":"1675179649571"}}
{"logTime": "0213/184138", "correlationVector":"pSftQ/U9tNJaD9w+Okidj+.60","action":"GetUpdates", "result":"DeleteReceived", "context":{"id":"daaf6623-475e-4333-a9fb-a8490a69884f", "isDeleted:":"true", "version":"1675180210835"}}
{"logTime": "0213/184138", "correlationVector":"pSftQ/U9tNJaD9w+Okidj+.61","action":"GetUpdates", "result":"DeleteReceived", "context":{"id":"855d2ffe-9c56-4314-bd16-8cfeb82e8c44", "isDeleted:":"true", "version":"1675180210836"}}
{"logTime": "0213/184138", "correlationVector":"pSftQ/U9tNJaD9w+Okidj+.62","action":"GetUpdates", "result":"DeleteReceived", "context":{"id":"ac4357eb-cf49-4527-bcc8-60e2f7f8749e", "isDeleted:":"true", "version":"1675180210837"}}
{"logTime": "0213/184138", "correlationVector":"pSftQ/U9tNJaD9w+Okidj+.63","action":"GetUpdates", "result":"DeleteReceived", "context":{"id":"77a5006a-003b-4b82-a833-7171e2bec2cd", "isDeleted:":"true", "version":"1675180250427"}}
{"logTime": "0213/184138", "correlationVector":"pSftQ/U9tNJaD9w+Okidj+.64","action":"GetUpdates", "result":"DeleteReceived", "context":{"id":"1c40b178-2d54-4369-aa90-59d552a7c67b", "isDeleted:":"true", "version":"1675181206014"}}
{"logTime": "0213/184138", "correlationVector":"pSftQ/U9tNJaD9w+Okidj+.65","action":"GetUpdates", "result":"DeleteReceived", "context":{"id":"a845a5e0-1d79-4e19-b75a-bd61c8614f0f", "isDeleted:":"true", "version":"1675181488379"}}
{"logTime": "0213/184138", "correlationVector":"pSftQ/U9tNJaD9w+Okidj+.66","action":"GetUpdates", "result":"DeleteReceived", "context":{"id":"a0d23ebc-5860-4ad6-acb1-b5c1b086c340", "isDeleted:":"true", "version":"1675182824543"}}
{"logTime": "0213/184138", "correlationVector":"pSftQ/U9tNJaD9w+Okidj+.67","action":"GetUpdates", "result":"DeleteReceived", "context":{"id":"b1010995-65af-4713-ba75-cdc28331d92b", "isDeleted:":"true", "version":"1675185520751"}}
{"logTime": "0213/184138", "correlationVector":"pSftQ/U9tNJaD9w+Okidj+.68","action":"GetUpdates", "result":"DeleteReceived", "context":{"id":"ef712f4c-c439-41b4-ac48-2089d6039cf5", "isDeleted:":"true", "version":"1675186412907"}}
{"logTime": "0213/184138", "correlationVector":"pSftQ/U9tNJaD9w+Okidj+.69","action":"GetUpdates", "result":"DeleteReceived", "context":{"id":"923a6f3e-1ee0-4d14-ab87-f0066c7a0cd7", "isDeleted:":"true", "version":"1675186446342"}}
{"logTime": "0213/184138", "correlationVector":"pSftQ/U9tNJaD9w+Okidj+.70","action":"GetUpdates", "result":"DeleteReceived", "context":{"id":"9d3b893b-7088-4261-a86a-1e5b7c024cc9", "isDeleted:":"true", "version":"1675188292896"}}
{"logTime": "0213/184138", "correlationVector":"pSftQ/U9tNJaD9w+Okidj+.71","action":"GetUpdates", "result":"DeleteReceived", "context":{"id":"d611bda1-80ee-490d-8b68-300bdeda404a", "isDeleted:":"true", "version":"1675189691279"}}
{"logTime": "0213/184138", "correlationVector":"pSftQ/U9tNJaD9w+Okidj+.72","action":"GetUpdates", "result":"DeleteReceived", "context":{"id":"44480fe8-9acd-4f0c-b1ec-d6ebc99e3085", "isDeleted:":"true", "version":"1675192733009"}}
{"logTime": "0213/184138", "correlationVector":"pSftQ/U9tNJaD9w+Okidj+.73","action":"GetUpdates", "result":"DeleteReceived", "context":{"id":"d9c2d005-8d9a-4923-8de6-e5190c7e6efd", "isDeleted:":"true", "version":"1675424309666"}}
{"logTime": "0213/184138", "correlationVector":"pSftQ/U9tNJaD9w+Okidj+.74","action":"GetUpdates", "result":"DeleteReceived", "context":{"id":"704b291b-94d9-4006-aa21-91ff35778d47", "isDeleted:":"true", "version":"1675424992649"}}
{"logTime": "0213/184138", "correlationVector":"pSftQ/U9tNJaD9w+Okidj+.75","action":"GetUpdates", "result":"DeleteReceived", "context":{"id":"f1c688b2-b8f7-4517-9c6b-d4797dcf41db", "isDeleted:":"true", "version":"1675426014028"}}
{"logTime": "0213/184138", "correlationVector":"pSftQ/U9tNJaD9w+Okidj+.76","action":"GetUpdates", "result":"DeleteReceived", "context":{"id":"91ad77fa-dedd-44e1-ad72-519410f1910a", "isDeleted:":"true", "version":"1675426014029"}}
{"logTime": "0213/184138", "correlationVector":"pSftQ/U9tNJaD9w+Okidj+.77","action":"GetUpdates", "result":"DeleteReceived", "context":{"id":"87a67577-2991-494e-b7c2-97fe119e6ee8", "isDeleted:":"true", "version":"1675426411748"}}
{"logTime": "0213/184138", "correlationVector":"pSftQ/U9tNJaD9w+Okidj+.78","action":"GetUpdates", "result":"DeleteReceived", "context":{"id":"d41abb6a-8995-4fb8-be3e-8c24b81907ed", "isDeleted:":"true", "version":"1675426533489"}}
{"logTime": "0213/184138", "correlationVector":"pSftQ/U9tNJaD9w+Okidj+.79","action":"GetUpdates", "result":"DeleteReceived", "context":{"id":"e2e55a36-8bb0-417a-9253-3bedd9cb6bf2", "isDeleted:":"true", "version":"1675426910935"}}
{"logTime": "0213/184138", "correlationVector":"pSftQ/U9tNJaD9w+Okidj+.80","action":"GetUpdates", "result":"DeleteReceived", "context":{"id":"0cf58cdd-aedc-45de-8f61-9ed7588a3145", "isDeleted:":"true", "version":"1675429529877"}}
{"logTime": "0213/184138", "correlationVector":"pSftQ/U9tNJaD9w+Okidj+.81","action":"GetUpdates", "result":"DeleteReceived", "context":{"id":"4563de60-8a19-4241-8be5-0551f4e38e4b", "isDeleted:":"true", "version":"1675429529878"}}
{"logTime": "0213/184138", "correlationVector":"pSftQ/U9tNJaD9w+Okidj+.82","action":"GetUpdates", "result":"DeleteReceived", "context":{"id":"bef8763d-292b-4c49-9bee-5fc1adcb58ca", "isDeleted:":"true", "version":"1675429529879"}}
{"logTime": "0213/184138", "correlationVector":"pSftQ/U9tNJaD9w+Okidj+.83","action":"GetUpdates", "result":"DeleteReceived", "context":{"id":"b07f15cf-486e-4e05-b8e0-739dd1305491", "isDeleted:":"true", "version":"1675429529880"}}
{"logTime": "0213/184138", "correlationVector":"pSftQ/U9tNJaD9w+Okidj+.84","action":"GetUpdates", "result":"DeleteReceived", "context":{"id":"96a442f3-1e82-43ec-8148-e13a81e94ca0", "isDeleted:":"true", "version":"1675429529881"}}
{"logTime": "0213/184138", "correlationVector":"pSftQ/U9tNJaD9w+Okidj+.85","action":"GetUpdates", "result":"DeleteReceived", "context":{"id":"879f32b9-85ce-4aa4-ba7a-097de2becd42", "isDeleted:":"true", "version":"1675431736308"}}
{"logTime": "0213/184138", "correlationVector":"pSftQ/U9tNJaD9w+Okidj+.86","action":"GetUpdates", "result":"DeleteReceived", "context":{"id":"6711afc0-cae0-4613-b45c-355cc41ece60", "isDeleted:":"true", "version":"1675431943444"}}
{"logTime": "0213/184138", "correlationVector":"pSftQ/U9tNJaD9w+Okidj+.87","action":"GetUpdates", "result":"DeleteReceived", "context":{"id":"a0e93ca4-b42a-498d-836a-70f8e0f537ec", "isDeleted:":"true", "version":"1675432102145"}}
{"logTime": "0213/184138", "correlationVector":"pSftQ/U9tNJaD9w+Okidj+.88","action":"GetUpdates", "result":"DeleteReceived", "context":{"id":"23d278b4-e753-4caa-bbeb-e6ca5ed2eddd", "isDeleted:":"true", "version":"1675446092967"}}
{"logTime": "0213/184138", "correlationVector":"pSftQ/U9tNJaD9w+Okidj+.89","action":"GetUpdates", "result":"DeleteReceived", "context":{"id":"97c9e804-5302-4f73-a14e-a5e371298739", "isDeleted:":"true", "version":"1675446160115"}}
{"logTime": "0213/184138", "correlationVector":"pSftQ/U9tNJaD9w+Okidj+.90","action":"GetUpdates", "result":"DeleteReceived", "context":{"id":"73ecc609-3865-4896-a539-4aa77f58d6a9", "isDeleted:":"true", "version":"1675446160116"}}
{"logTime": "0213/184138", "correlationVector":"pSftQ/U9tNJaD9w+Okidj+.91","action":"GetUpdates", "result":"DeleteReceived", "context":{"id":"ac405863-091f-43f6-beb1-42aab4553ab6", "isDeleted:":"true", "version":"1675446196228"}}
{"logTime": "0213/184138", "correlationVector":"pSftQ/U9tNJaD9w+Okidj+.92","action":"GetUpdates", "result":"DeleteReceived", "context":{"id":"afe1bda9-c102-4109-904d-b693d1a993ab", "isDeleted:":"true", "version":"1675447556222"}}
{"logTime": "0213/184138", "correlationVector":"pSftQ/U9tNJaD9w+Okidj+.93","action":"GetUpdates", "result":"DeleteReceived", "context":{"id":"d16c8790-8ac4-49e2-8586-5356224b4799", "isDeleted:":"true", "version":"1675448545188"}}
{"logTime": "0213/184138", "correlationVector":"pSftQ/U9tNJaD9w+Okidj+.94","action":"GetUpdates", "result":"DeleteReceived", "context":{"id":"51b71c71-0e6f-44e4-bb9f-5f6397406dee", "isDeleted:":"true", "version":"1675448545189"}}
{"logTime": "0213/184138", "correlationVector":"pSftQ/U9tNJaD9w+Okidj+.95","action":"GetUpdates", "result":"DeleteReceived", "context":{"id":"afaac727-03bf-47f1-93cb-c99af3915f7e", "isDeleted:":"true", "version":"1675448671148"}}
{"logTime": "0213/184138", "correlationVector":"pSftQ/U9tNJaD9w+Okidj+.96","action":"GetUpdates", "result":"DeleteReceived", "context":{"id":"1a3d0370-9380-4474-8ce2-d6e12cac2a18", "isDeleted:":"true", "version":"1675451259271"}}
{"logTime": "0213/184138", "correlationVector":"pSftQ/U9tNJaD9w+Okidj+.97","action":"GetUpdates", "result":"DeleteReceived", "context":{"id":"496f789b-373d-4433-8322-777435c64f9c", "isDeleted:":"true", "version":"1675451259272"}}
{"logTime": "0213/184138", "correlationVector":"pSftQ/U9tNJaD9w+Okidj+.98","action":"GetUpdates", "result":"DeleteReceived", "context":{"id":"8c34e2fb-411f-4887-afc9-7b6a846abb95", "isDeleted:":"true", "version":"1675451259273"}}
{"logTime": "0213/184138", "correlationVector":"pSftQ/U9tNJaD9w+Okidj+.99","action":"GetUpdates", "result":"DeleteReceived", "context":{"id":"0bea1814-6687-4254-ad76-323fb250de7b", "isDeleted:":"true", "version":"1675451259276"}}
{"logTime": "0213/184138", "correlationVector":"pSftQ/U9tNJaD9w+Okidj+.100","action":"GetUpdates", "result":"DeleteReceived", "context":{"id":"11213d3c-d114-4fcf-b9b2-485cc10b981a", "isDeleted:":"true", "version":"1675452173637"}}
{"logTime": "0213/184138", "correlationVector":"pSftQ/U9tNJaD9w+Okidj+.101","action":"GetUpdates", "result":"DeleteReceived", "context":{"id":"9afcf16a-75e4-48fe-b5db-ed3a50a53b6b", "isDeleted:":"true", "version":"1675453029064"}}
{"logTime": "0213/184138", "correlationVector":"pSftQ/U9tNJaD9w+Okidj+.102","action":"GetUpdates", "result":"DeleteReceived", "context":{"id":"d22dfc7d-0d27-4683-adf7-1969d316ab7c", "isDeleted:":"true", "version":"1675454159832"}}
{"logTime": "0213/184138", "correlationVector":"pSftQ/U9tNJaD9w+Okidj+.103","action":"GetUpdates", "result":"DeleteReceived", "context":{"id":"741c2a66-9031-41a7-9729-d86d857d3401", "isDeleted:":"true", "version":"1675454642481"}}
{"logTime": "0213/184138", "correlationVector":"pSftQ/U9tNJaD9w+Okidj+.104","action":"GetUpdates", "result":"DeleteReceived", "context":{"id":"f413c1f3-c87d-48af-ac3b-b305b7e06fe9", "isDeleted:":"true", "version":"1675457541339"}}
{"logTime": "0213/184138", "correlationVector":"pSftQ/U9tNJaD9w+Okidj+.105","action":"GetUpdates", "result":"DeleteReceived", "context":{"id":"5f060b44-3272-4b6f-be18-3ddc348264c0", "isDeleted:":"true", "version":"1675495883966"}}
{"logTime": "0213/184138", "correlationVector":"pSftQ/U9tNJaD9w+Okidj+.106","action":"GetUpdates", "result":"DeleteReceived", "context":{"id":"865bbd23-ef9b-4988-a063-749a2d89f6b5", "isDeleted:":"true", "version":"1675495883967"}}
{"logTime": "0213/184138", "correlationVector":"pSftQ/U9tNJaD9w+Okidj+.107","action":"GetUpdates", "result":"DeleteReceived", "context":{"id":"3ba94816-0d2c-4e2b-befa-f4ecec05e1d3", "isDeleted:":"true", "version":"1675495883968"}}
{"logTime": "0213/184138", "correlationVector":"pSftQ/U9tNJaD9w+Okidj+.108","action":"GetUpdates", "result":"DeleteReceived", "context":{"id":"970d7c21-4e51-4b3d-999e-13b916e1f31f", "isDeleted:":"true", "version":"1675495883970"}}
{"logTime": "0213/184138", "correlationVector":"pSftQ/U9tNJaD9w+Okidj+.109","action":"GetUpdates", "result":"DeleteReceived", "context":{"id":"8ef18ff6-b998-4a69-8d7f-31f18a743a99", "isDeleted:":"true", "version":"1675495883971"}}
{"logTime": "0213/184138", "correlationVector":"pSftQ/U9tNJaD9w+Okidj+.110","action":"GetUpdates", "result":"DeleteReceived", "context":{"id":"a219d95e-beb2-48d5-b57d-3214baf8a14b", "isDeleted:":"true", "version":"1675496607191"}}
{"logTime": "0213/184138", "correlationVector":"pSftQ/U9tNJaD9w+Okidj+.111","action":"GetUpdates", "result":"DeleteReceived", "context":{"id":"ee6a62f3-c803-43e5-8348-47543f2c90d4", "isDeleted:":"true", "version":"1675497041252"}}
{"logTime": "0213/184138", "correlationVector":"pSftQ/U9tNJaD9w+Okidj+.113","action":"GetUpdates", "result":"DeleteReceived", "context":{"id":"5e15a28b-b3fd-4804-ac21-9d24b04521e4", "isDeleted:":"true", "version":"1675497355527"}}
{"logTime": "0213/184138", "correlationVector":"pSftQ/U9tNJaD9w+Okidj+.114","action":"GetUpdates", "result":"DeleteReceived", "context":{"id":"49d2f107-b01a-486e-b507-80855ce8acec", "isDeleted:":"true", "version":"1675497386403"}}
{"logTime": "0213/184138", "correlationVector":"pSftQ/U9tNJaD9w+Okidj+.115","action":"GetUpdates", "result":"DeleteReceived", "context":{"id":"041f6f42-998f-4911-8e1f-5b1faa52e56c", "isDeleted:":"true", "version":"1675497552443"}}
{"logTime": "0213/184138", "correlationVector":"pSftQ/U9tNJaD9w+Okidj+.116","action":"GetUpdates", "result":"DeleteReceived", "context":{"id":"bf378d1c-7c8f-4b6c-82bf-666fab11dc63", "isDeleted:":"true", "version":"1675497552444"}}
{"logTime": "0213/184138", "correlationVector":"pSftQ/U9tNJaD9w+Okidj+.117","action":"GetUpdates", "result":"DeleteReceived", "context":{"id":"a5e2543c-c925-4c0d-9640-e689e02ecd3d", "isDeleted:":"true", "version":"1675499023593"}}
{"logTime": "0213/184138", "correlationVector":"pSftQ/U9tNJaD9w+Okidj+.118","action":"GetUpdates", "result":"DeleteReceived", "context":{"id":"ad444cf7-2697-4e3a-a3a2-a5329e30cef7", "isDeleted:":"true", "version":"1675499080812"}}
{"logTime": "0213/184138", "correlationVector":"pSftQ/U9tNJaD9w+Okidj+.119","action":"GetUpdates", "result":"DeleteReceived", "context":{"id":"4b5bab77-f781-4d9c-9d24-ae752c29782f", "isDeleted:":"true", "version":"1675499264618"}}
{"logTime": "0213/184138", "correlationVector":"pSftQ/U9tNJaD9w+Okidj+.120","action":"GetUpdates", "result":"DeleteReceived", "context":{"id":"90c63fbc-7800-4b37-bee5-9a232b2429d2", "isDeleted:":"true", "version":"1675499769382"}}
{"logTime": "0213/184138", "correlationVector":"pSftQ/U9tNJaD9w+Okidj+.121","action":"GetUpdates", "result":"DeleteReceived", "context":{"id":"4e54a1c8-ef65-4473-bcef-561c0cef68e1", "isDeleted:":"true", "version":"1675499918138"}}
{"logTime": "0213/184138", "correlationVector":"pSftQ/U9tNJaD9w+Okidj+.122","action":"GetUpdates", "result":"DeleteReceived", "context":{"id":"ebc63bec-5c8f-4d0c-b94f-3e22d4a4f11c", "isDeleted:":"true", "version":"1675500357681"}}
{"logTime": "0213/184138", "correlationVector":"pSftQ/U9tNJaD9w+Okidj+.123","action":"GetUpdates", "result":"DeleteReceived", "context":{"id":"26271269-4e8d-4825-bd47-12abd450b5fb", "isDeleted:":"true", "version":"1675501011865"}}
{"logTime": "0213/184138", "correlationVector":"pSftQ/U9tNJaD9w+Okidj+.124","action":"GetUpdates", "result":"DeleteReceived", "context":{"id":"831877ac-09b4-4e8b-b879-f8cb6207b254", "isDeleted:":"true", "version":"1675502294654"}}
{"logTime": "0213/184138", "correlationVector":"pSftQ/U9tNJaD9w+Okidj+.125","action":"GetUpdates", "result":"DeleteReceived", "context":{"id":"fdadc35a-5db1-438b-9dc0-b704a3ad0cc1", "isDeleted:":"true", "version":"1675502655000"}}
{"logTime": "0213/184138", "correlationVector":"pSftQ/U9tNJaD9w+Okidj+.126","action":"GetUpdates", "result":"DeleteReceived", "context":{"id":"570b0c78-4f86-478d-a4ad-aa5cf48d2126", "isDeleted:":"true", "version":"1675502960288"}}
{"logTime": "0213/184138", "correlationVector":"pSftQ/U9tNJaD9w+Okidj+.127","action":"GetUpdates", "result":"DeleteReceived", "context":{"id":"d2241cc7-33f4-493d-a7a4-b85543daf151", "isDeleted:":"true", "version":"1675503078348"}}
{"logTime": "0213/184138", "correlationVector":"pSftQ/U9tNJaD9w+Okidj+.129","action":"GetUpdates", "result":"DeleteReceived", "context":{"id":"5d6fe60b-9f7a-4e6b-ab37-0b6f556ae970", "isDeleted:":"true", "version":"1675503124527"}}
{"logTime": "0213/184138", "correlationVector":"pSftQ/U9tNJaD9w+Okidj+.131","action":"GetUpdates", "result":"DeleteReceived", "context":{"id":"804a6031-3300-4e6b-93e5-80eb6406fdf4", "isDeleted:":"true", "version":"1675503387500"}}
{"logTime": "0213/184138", "correlationVector":"pSftQ/U9tNJaD9w+Okidj+.132","action":"GetUpdates", "result":"DeleteReceived", "context":{"id":"97b2ee0c-48de-405c-98f8-a63b5ed14154", "isDeleted:":"true", "version":"1675503387501"}}
{"logTime": "0213/184138", "correlationVector":"pSftQ/U9tNJaD9w+Okidj+.133","action":"GetUpdates", "result":"DeleteReceived", "context":{"id":"f6aab146-d741-4df2-a33a-076c95b72195", "isDeleted:":"true", "version":"1675505123893"}}
{"logTime": "0213/184138", "correlationVector":"pSftQ/U9tNJaD9w+Okidj+.134","action":"GetUpdates", "result":"DeleteReceived", "context":{"id":"90c8ef43-c795-4c78-86dc-5280e259707b", "isDeleted:":"true", "version":"1675506808866"}}
{"logTime": "0213/184138", "correlationVector":"pSftQ/U9tNJaD9w+Okidj+.135","action":"GetUpdates", "result":"DeleteReceived", "context":{"id":"b51cc31f-d401-4e56-9fd8-dcffa0346fbc", "isDeleted:":"true", "version":"1675506989320"}}
{"logTime": "0213/184138", "correlationVector":"pSftQ/U9tNJaD9w+Okidj+.136","action":"GetUpdates", "result":"DeleteReceived", "context":{"id":"b9e7c019-a7ec-44ab-ae72-7866f7f91ddb", "isDeleted:":"true", "version":"1675507023627"}}
{"logTime": "0213/184138", "correlationVector":"pSftQ/U9tNJaD9w+Okidj+.137","action":"GetUpdates", "result":"DeleteReceived", "context":{"id":"45a08188-c7a1-4b7c-841f-ebf1b10e78e2", "isDeleted:":"true", "version":"1675507373337"}}
{"logTime": "0213/184138", "correlationVector":"pSftQ/U9tNJaD9w+Okidj+.138","action":"GetUpdates", "result":"DeleteReceived", "context":{"id":"f66f5dae-9ca8-40ed-8776-0482f891fb9a", "isDeleted:":"true", "version":"1675507971382"}}
{"logTime": "0213/184138", "correlationVector":"pSftQ/U9tNJaD9w+Okidj+.139","action":"GetUpdates", "result":"DeleteReceived", "context":{"id":"77df00d6-43fc-4476-a5fd-437a0a0b862e", "isDeleted:":"true", "version":"1675508809872"}}
{"logTime": "0213/184138", "correlationVector":"pSftQ/U9tNJaD9w+Okidj+.140","action":"GetUpdates", "result":"DeleteReceived", "context":{"id":"8b4dbce4-9eac-40aa-8375-f6c611afcd3c", "isDeleted:":"true", "version":"1675509436326"}}
{"logTime": "0213/184138", "correlationVector":"pSftQ/U9tNJaD9w+Okidj+.141","action":"GetUpdates", "result":"DeleteReceived", "context":{"id":"6833f262-2453-4dd4-92ba-9a43afb097e0", "isDeleted:":"true", "version":"1675509481509"}}
{"logTime": "0213/184138", "correlationVector":"pSftQ/U9tNJaD9w+Okidj+.142","action":"GetUpdates", "result":"DeleteReceived", "context":{"id":"21857627-6f0f-42ba-a1c6-bf6d6d80a429", "isDeleted:":"true", "version":"1675509955315"}}
{"logTime": "0213/184138", "correlationVector":"pSftQ/U9tNJaD9w+Okidj+.143","action":"GetUpdates", "result":"DeleteReceived", "context":{"id":"cd289c67-3ae0-4111-86bf-ec91fa9f74bf", "isDeleted:":"true", "version":"1675530932817"}}
{"logTime": "0213/184138", "correlationVector":"pSftQ/U9tNJaD9w+Okidj+.144","action":"GetUpdates", "result":"DeleteReceived", "context":{"id":"b4fda6d0-5815-4112-9b1c-f2fa76c694ba", "isDeleted:":"true", "version":"1675533172441"}}
{"logTime": "0213/184138", "correlationVector":"pSftQ/U9tNJaD9w+Okidj+.145","action":"GetUpdates", "result":"DeleteReceived", "context":{"id":"0b838fe7-cfdd-4e03-8d19-011aa5b8c20c", "isDeleted:":"true", "version":"1675535000307"}}
{"logTime": "0213/184138", "correlationVector":"pSftQ/U9tNJaD9w+Okidj+.146","action":"GetUpdates", "result":"DeleteReceived", "context":{"id":"ae0d6aa0-bfd5-4d1e-867f-b1cfa4c08239", "isDeleted:":"true", "version":"1675536308323"}}
{"logTime": "0213/184138", "correlationVector":"pSftQ/U9tNJaD9w+Okidj+.147","action":"GetUpdates", "result":"DeleteReceived", "context":{"id":"23bc0b77-5ef2-47e9-96ce-aea7fdcd794c", "isDeleted:":"true", "version":"1675536686069"}}
{"logTime": "0213/184138", "correlationVector":"pSftQ/U9tNJaD9w+Okidj+.148","action":"GetUpdates", "result":"DeleteReceived", "context":{"id":"394b867f-1895-4f78-badc-f7ab19a65d62", "isDeleted:":"true", "version":"1675536944205"}}
{"logTime": "0213/184138", "correlationVector":"pSftQ/U9tNJaD9w+Okidj+.149","action":"GetUpdates", "result":"DeleteReceived", "context":{"id":"54bcb811-de23-4df0-8bdd-b8f50aa835f3", "isDeleted:":"true", "version":"1675537125403"}}
{"logTime": "0213/184138", "correlationVector":"pSftQ/U9tNJaD9w+Okidj+.150","action":"GetUpdates", "result":"DeleteReceived", "context":{"id":"e6533f2a-101a-45fe-b089-a78a1373c806", "isDeleted:":"true", "version":"1675537125404"}}
{"logTime": "0213/184138", "correlationVector":"pSftQ/U9tNJaD9w+Okidj+.152","action":"GetUpdates", "result":"DeleteReceived", "context":{"id":"90d41b6d-43c1-469f-ae97-a0cca7a06a42", "isDeleted:":"true", "version":"1675537125407"}}
{"logTime": "0213/184138", "correlationVector":"pSftQ/U9tNJaD9w+Okidj+.153","action":"GetUpdates", "result":"DeleteReceived", "context":{"id":"9d06a0c7-c01d-4c7e-89ef-c002eb791c8a", "isDeleted:":"true", "version":"1675537125408"}}
{"logTime": "0213/184138", "correlationVector":"pSftQ/U9tNJaD9w+Okidj+.154","action":"GetUpdates", "result":"DeleteReceived", "context":{"id":"c306b9f7-8299-4e9f-9f15-e9d146855562", "isDeleted:":"true", "version":"1675537125410"}}
{"logTime": "0213/184138", "correlationVector":"pSftQ/U9tNJaD9w+Okidj+.155","action":"GetUpdates", "result":"DeleteReceived", "context":{"id":"035affc1-9eb0-4f0a-a3e9-4584aeccb05f", "isDeleted:":"true", "version":"1675537428234"}}
{"logTime": "0213/184138", "correlationVector":"pSftQ/U9tNJaD9w+Okidj+.156","action":"GetUpdates", "result":"DeleteReceived", "context":{"id":"802828fb-83ae-4cfc-9f0b-915a5fe78caa", "isDeleted:":"true", "version":"1675537857219"}}
{"logTime": "0213/184138", "correlationVector":"pSftQ/U9tNJaD9w+Okidj+.157","action":"GetUpdates", "result":"DeleteReceived", "context":{"id":"20cfd55c-fa47-476b-af75-1eb71b24dda9", "isDeleted:":"true", "version":"1675539647326"}}
{"logTime": "0213/184138", "correlationVector":"pSftQ/U9tNJaD9w+Okidj+.158","action":"GetUpdates", "result":"DeleteReceived", "context":{"id":"d801a0f9-c1c0-4995-a5d4-a80a3ea78919", "isDeleted:":"true", "version":"1675540476277"}}
{"logTime": "0213/184138", "correlationVector":"pSftQ/U9tNJaD9w+Okidj+.159","action":"GetUpdates", "result":"DeleteReceived", "context":{"id":"6fa23eaf-86ce-472e-9139-87457fd72cbc", "isDeleted:":"true", "version":"1675541102408"}}
{"logTime": "0213/184138", "correlationVector":"pSftQ/U9tNJaD9w+Okidj+.160","action":"GetUpdates", "result":"DeleteReceived", "context":{"id":"f041bc30-724e-480d-b800-b6d567b80f1f", "isDeleted:":"true", "version":"1675542281765"}}
{"logTime": "0213/184138", "correlationVector":"pSftQ/U9tNJaD9w+Okidj+.161","action":"GetUpdates", "result":"DeleteReceived", "context":{"id":"17d897ea-717e-4401-81fe-016f7edef7c2", "isDeleted:":"true", "version":"1675542688581"}}
{"logTime": "0213/184138", "correlationVector":"pSftQ/U9tNJaD9w+Okidj+.162","action":"GetUpdates", "result":"DeleteReceived", "context":{"id":"c5868b15-8601-4165-8b62-7ef19bd82275", "isDeleted:":"true", "version":"1675542729121"}}
{"logTime": "0213/184138", "correlationVector":"pSftQ/U9tNJaD9w+Okidj+.163","action":"GetUpdates", "result":"DeleteReceived", "context":{"id":"7ca53b91-4346-404c-9fe0-b4d1e8c9563c", "isDeleted:":"true", "version":"1675542760423"}}
{"logTime": "0213/184138", "correlationVector":"pSftQ/U9tNJaD9w+Okidj+.164","action":"GetUpdates", "result":"DeleteReceived", "context":{"id":"7ede08d5-8584-464a-9b35-2aaad53565fd", "isDeleted:":"true", "version":"1675542795878"}}
{"logTime": "0213/184138", "correlationVector":"pSftQ/U9tNJaD9w+Okidj+.165","action":"GetUpdates", "result":"DeleteReceived", "context":{"id":"963ddd0a-006f-42de-a672-9d11be82cea8", "isDeleted:":"true", "version":"1675543468310"}}
{"logTime": "0213/184138", "correlationVector":"pSftQ/U9tNJaD9w+Okidj+.166","action":"GetUpdates", "result":"DeleteReceived", "context":{"id":"f6293af3-2b45-445c-888d-2a9e4c463a5d", "isDeleted:":"true", "version":"1675543468311"}}
{"logTime": "0213/184138", "correlationVector":"pSftQ/U9tNJaD9w+Okidj+.167","action":"GetUpdates", "result":"DeleteReceived", "context":{"id":"873ae5a0-cd4d-4516-990b-611b1ed51e69", "isDeleted:":"true", "version":"1675543468314"}}
{"logTime": "0213/184138", "correlationVector":"pSftQ/U9tNJaD9w+Okidj+.168","action":"GetUpdates", "result":"DeleteReceived", "context":{"id":"b212933b-8da9-40aa-b9d2-75f64cf8b291", "isDeleted:":"true", "version":"1675543468315"}}
{"logTime": "0213/184138", "correlationVector":"pSftQ/U9tNJaD9w+Okidj+.169","action":"GetUpdates", "result":"DeleteReceived", "context":{"id":"5f37f8bf-0553-4148-8e01-1a9c97397fc7", "isDeleted:":"true", "version":"1675543468316"}}
{"logTime": "0213/184138", "correlationVector":"pSftQ/U9tNJaD9w+Okidj+.170","action":"GetUpdates", "result":"DeleteReceived", "context":{"id":"7a03b2e7-f400-4d29-b5cb-c06f0d38a1a2", "isDeleted:":"true", "version":"1675610914027"}}
{"logTime": "0213/184138", "correlationVector":"pSftQ/U9tNJaD9w+Okidj+.171","action":"GetUpdates", "result":"DeleteReceived", "context":{"id":"b707d64f-4998-4450-980c-ae16b2006ce0", "isDeleted:":"true", "version":"1675610914028"}}
{"logTime": "0213/184138", "correlationVector":"pSftQ/U9tNJaD9w+Okidj+.172","action":"GetUpdates", "result":"DeleteReceived", "context":{"id":"b93dd6df-8aa5-4f84-8471-d937392f69f7", "isDeleted:":"true", "version":"1675610914030"}}
{"logTime": "0213/184138", "correlationVector":"pSftQ/U9tNJaD9w+Okidj+.173","action":"GetUpdates", "result":"DeleteReceived", "context":{"id":"bddf76d9-837f-4a25-aad1-9b9d7117a4ca", "isDeleted:":"true", "version":"1675611556574"}}
{"logTime": "0213/184138", "correlationVector":"pSftQ/U9tNJaD9w+Okidj+.174","action":"GetUpdates", "result":"DeleteReceived", "context":{"id":"89e43fe0-0e14-488b-8075-63cd34af99df", "isDeleted:":"true", "version":"1675618756103"}}
{"logTime": "0213/184138", "correlationVector":"pSftQ/U9tNJaD9w+Okidj+.175","action":"GetUpdates", "result":"DeleteReceived", "context":{"id":"8b798b5e-ade2-4545-af39-4ce545b79107", "isDeleted:":"true", "version":"1675620647756"}}
{"logTime": "0213/184138", "correlationVector":"pSftQ/U9tNJaD9w+Okidj+.176","action":"GetUpdates", "result":"DeleteReceived", "context":{"id":"d7f50447-989c-4872-a9bb-21c33d5e8d41", "isDeleted:":"true", "version":"1675620849260"}}
{"logTime": "0213/184139", "correlationVector":"pSftQ/U9tNJaD9w+Okidj+.177","action":"GetUpdates", "result":"DeleteReceived", "context":{"id":"65b195b9-a9ee-436a-9154-78d8e000d9c0", "isDeleted:":"true", "version":"1675621108596"}}
{"logTime": "0213/184139", "correlationVector":"pSftQ/U9tNJaD9w+Okidj+.178","action":"GetUpdates", "result":"DeleteReceived", "context":{"id":"5e96bc3b-034d-4aba-9a6c-84ac681a61a3", "isDeleted:":"true", "version":"1675621496789"}}
{"logTime": "0213/184139", "correlationVector":"pSftQ/U9tNJaD9w+Okidj+.179","action":"GetUpdates", "result":"DeleteReceived", "context":{"id":"7f71e393-6533-4b0a-b926-314a28b6be97", "isDeleted:":"true", "version":"1675621496790"}}
{"logTime": "0213/184139", "correlationVector":"pSftQ/U9tNJaD9w+Okidj+.180","action":"GetUpdates", "result":"DeleteReceived", "context":{"id":"bab350aa-4fbf-46d6-acc2-aece2218a80b", "isDeleted:":"true", "version":"1675621496791"}}
{"logTime": "0213/184139", "correlationVector":"pSftQ/U9tNJaD9w+Okidj+.181","action":"GetUpdates", "result":"DeleteReceived", "context":{"id":"df376268-9fec-4d8a-afea-2bd084312759", "isDeleted:":"true", "version":"1675623034799"}}
{"logTime": "0213/184139", "correlationVector":"pSftQ/U9tNJaD9w+Okidj+.182","action":"GetUpdates", "result":"DeleteReceived", "context":{"id":"c1481a0c-52d7-4e58-b6aa-a53965f68447", "isDeleted:":"true", "version":"1675623726479"}}
{"logTime": "0213/184139", "correlationVector":"pSftQ/U9tNJaD9w+Okidj+.183","action":"GetUpdates", "result":"DeleteReceived", "context":{"id":"97aebd41-8d2a-45c6-9b45-86afbdea6a65", "isDeleted:":"true", "version":"1675623830462"}}
{"logTime": "0213/184139", "correlationVector":"pSftQ/U9tNJaD9w+Okidj+.184","action":"GetUpdates", "result":"DeleteReceived", "context":{"id":"b6779aa8-804c-4bd2-af07-af5e4a21b3a1", "isDeleted:":"true", "version":"1675623864772"}}
{"logTime": "0213/184139", "correlationVector":"pSftQ/U9tNJaD9w+Okidj+.185","action":"GetUpdates", "result":"DeleteReceived", "context":{"id":"8349ade4-a49b-41e6-9336-98998f80f57f", "isDeleted:":"true", "version":"1675624429698"}}
{"logTime": "0213/184139", "correlationVector":"pSftQ/U9tNJaD9w+Okidj+.187","action":"GetUpdates", "result":"DeleteReceived", "context":{"id":"7cfdd637-4e02-46fc-bc7e-b19123f20ca5", "isDeleted:":"true", "version":"1675624429701"}}
{"logTime": "0213/184139", "correlationVector":"pSftQ/U9tNJaD9w+Okidj+.188","action":"GetUpdates", "result":"DeleteReceived", "context":{"id":"ca0b442e-9552-4141-9133-2e8f0774b5e7", "isDeleted:":"true", "version":"1675625051889"}}
{"logTime": "0213/184139", "correlationVector":"pSftQ/U9tNJaD9w+Okidj+.189","action":"GetUpdates", "result":"DeleteReceived", "context":{"id":"9f19f40e-230a-4aee-b1a0-85410eeaa5b8", "isDeleted:":"true", "version":"1675625249281"}}
{"logTime": "0213/184139", "correlationVector":"pSftQ/U9tNJaD9w+Okidj+.190","action":"GetUpdates", "result":"DeleteReceived", "context":{"id":"1db3fc44-f29e-444c-9932-7fb41c4f0367", "isDeleted:":"true", "version":"1675625493809"}}
{"logTime": "0213/184139", "correlationVector":"pSftQ/U9tNJaD9w+Okidj+.191","action":"GetUpdates", "result":"DeleteReceived", "context":{"id":"6fe32ce9-0099-4a7b-82ad-bd30040af0d9", "isDeleted:":"true", "version":"1675626096430"}}
{"logTime": "0213/184139", "correlationVector":"pSftQ/U9tNJaD9w+Okidj+.192","action":"GetUpdates", "result":"DeleteReceived", "context":{"id":"5a77ef7e-6992-4027-bac9-671f107f9bce", "isDeleted:":"true", "version":"1675626096432"}}
{"logTime": "0213/184139", "correlationVector":"pSftQ/U9tNJaD9w+Okidj+.193","action":"GetUpdates", "result":"DeleteReceived", "context":{"id":"13dca3ff-ab10-4c5e-acc5-ad0d8a94935d", "isDeleted:":"true", "version":"1675626130425"}}
{"logTime": "0213/184139", "correlationVector":"pSftQ/U9tNJaD9w+Okidj+.194","action":"GetUpdates", "result":"DeleteReceived", "context":{"id":"22f61ee9-ab8b-4043-8669-86a3c51944f1", "isDeleted:":"true", "version":"1675626342953"}}
{"logTime": "0213/184139", "correlationVector":"pSftQ/U9tNJaD9w+Okidj+.195","action":"GetUpdates", "result":"DeleteReceived", "context":{"id":"2945fa24-e1c9-4a4c-bd31-14c6f42b1e58", "isDeleted:":"true", "version":"1675626375605"}}
{"logTime": "0213/184139", "correlationVector":"pSftQ/U9tNJaD9w+Okidj+.196","action":"GetUpdates", "result":"DeleteReceived", "context":{"id":"a8f5e9d2-d044-416c-a70a-79f2b57e63b1", "isDeleted:":"true", "version":"1675626403295"}}
{"logTime": "0213/184139", "correlationVector":"pSftQ/U9tNJaD9w+Okidj+.197","action":"GetUpdates", "result":"DeleteReceived", "context":{"id":"5013bbf2-09d9-4901-bdc4-170b637f27c9", "isDeleted:":"true", "version":"1675626501480"}}
{"logTime": "0213/184139", "correlationVector":"pSftQ/U9tNJaD9w+Okidj+.198","action":"GetUpdates", "result":"DeleteReceived", "context":{"id":"8ec66b7a-6ee0-4a34-8f2a-12af6c86ce1e", "isDeleted:":"true", "version":"1675626758199"}}
{"logTime": "0213/184139", "correlationVector":"pSftQ/U9tNJaD9w+Okidj+.200","action":"GetUpdates", "result":"DeleteReceived", "context":{"id":"25134575-324d-4fbf-b1ba-6a5f26115225", "isDeleted:":"true", "version":"1675626792319"}}
{"logTime": "0213/184139", "correlationVector":"pSftQ/U9tNJaD9w+Okidj+.201","action":"GetUpdates", "result":"DeleteReceived", "context":{"id":"160a807e-1d27-49aa-b9c4-b1fafd4368db", "isDeleted:":"true", "version":"1675664719559"}}
{"logTime": "0213/184139", "correlationVector":"pSftQ/U9tNJaD9w+Okidj+.202","action":"GetUpdates", "result":"DeleteReceived", "context":{"id":"b9381d3a-3f3c-4c42-aff2-6fe548f5e801", "isDeleted:":"true", "version":"1675664719561"}}
{"logTime": "0213/184139", "correlationVector":"pSftQ/U9tNJaD9w+Okidj+.203","action":"GetUpdates", "result":"DeleteReceived", "context":{"id":"b2d024d9-0619-41ac-993d-1a0034e51e6f", "isDeleted:":"true", "version":"1675664719562"}}
{"logTime": "0213/184139", "correlationVector":"pSftQ/U9tNJaD9w+Okidj+.204","action":"GetUpdates", "result":"DeleteReceived", "context":{"id":"121e5e82-2225-4356-8806-63fa23b42aff", "isDeleted:":"true", "version":"1675664719563"}}
{"logTime": "0213/184139", "correlationVector":"pSftQ/U9tNJaD9w+Okidj+.205","action":"GetUpdates", "result":"DeleteReceived", "context":{"id":"99ede97b-5cdb-4716-b4ce-e40883eb4004", "isDeleted:":"true", "version":"1675664719564"}}
{"logTime": "0213/184139", "correlationVector":"pSftQ/U9tNJaD9w+Okidj+.206","action":"GetUpdates", "result":"DeleteReceived", "context":{"id":"c3b41289-13d6-4ddd-a961-89dc597235eb", "isDeleted:":"true", "version":"1675664719565"}}
{"logTime": "0213/184139", "correlationVector":"pSftQ/U9tNJaD9w+Okidj+.207","action":"GetUpdates", "result":"DeleteReceived", "context":{"id":"a85aefc5-90d1-4669-a275-8640884c9cb5", "isDeleted:":"true", "version":"1675664719567"}}
{"logTime": "0213/184139", "correlationVector":"pSftQ/U9tNJaD9w+Okidj+.208","action":"GetUpdates", "result":"DeleteReceived", "context":{"id":"2412bb0b-dd00-4373-bd29-442b448b8fe2", "isDeleted:":"true", "version":"1675665368046"}}
{"logTime": "0213/184139", "correlationVector":"pSftQ/U9tNJaD9w+Okidj+.210","action":"GetUpdates", "result":"DeleteReceived", "context":{"id":"8b45c3d1-5b42-44ae-9f6e-28c25417e7b2", "isDeleted:":"true", "version":"1675673539444"}}
{"logTime": "0213/184139", "correlationVector":"pSftQ/U9tNJaD9w+Okidj+.211","action":"GetUpdates", "result":"DeleteReceived", "context":{"id":"bb90fd04-145f-49c6-a34a-c4c0ca38e67d", "isDeleted:":"true", "version":"1675674007575"}}
{"logTime": "0213/184139", "correlationVector":"pSftQ/U9tNJaD9w+Okidj+.212","action":"GetUpdates", "result":"DeleteReceived", "context":{"id":"ea29ddb5-37cb-4f6f-831e-12c16e265590", "isDeleted:":"true", "version":"1675675734724"}}
{"logTime": "0213/184139", "correlationVector":"pSftQ/U9tNJaD9w+Okidj+.213","action":"GetUpdates", "result":"DeleteReceived", "context":{"id":"c69b2840-8e5e-4965-b87f-9ce8b8f1cb7a", "isDeleted:":"true", "version":"1675675734725"}}
{"logTime": "0213/184139", "correlationVector":"pSftQ/U9tNJaD9w+Okidj+.214","action":"GetUpdates", "result":"DeleteReceived", "context":{"id":"fcba685a-d6a8-41c1-bb80-0e16fc316c1f", "isDeleted:":"true", "version":"1675675734726"}}
{"logTime": "0213/184139", "correlationVector":"pSftQ/U9tNJaD9w+Okidj+.215","action":"GetUpdates", "result":"DeleteReceived", "context":{"id":"82f5c834-5528-4758-8822-ae1c638601e4", "isDeleted:":"true", "version":"1675676194082"}}
{"logTime": "0213/184139", "correlationVector":"pSftQ/U9tNJaD9w+Okidj+.217","action":"GetUpdates", "result":"DeleteReceived", "context":{"id":"076d6dde-edd6-4613-ae54-1676ff111fd0", "isDeleted:":"true", "version":"1675682567662"}}
{"logTime": "0213/184139", "correlationVector":"pSftQ/U9tNJaD9w+Okidj+.218","action":"GetUpdates", "result":"DeleteReceived", "context":{"id":"aae565e6-937b-4a7a-b262-e32aab26e39b", "isDeleted:":"true", "version":"1675684657975"}}
{"logTime": "0213/184139", "correlationVector":"pSftQ/U9tNJaD9w+Okidj+.219","action":"GetUpdates", "result":"DeleteReceived", "context":{"id":"bfb0fb97-1515-41ce-99fc-0897e58659e9", "isDeleted:":"true", "version":"1675686883857"}}
{"logTime": "0213/184139", "correlationVector":"pSftQ/U9tNJaD9w+Okidj+.220","action":"GetUpdates", "result":"DeleteReceived", "context":{"id":"0aa2fbd2-0048-401c-8828-66dd866c4bba", "isDeleted:":"true", "version":"1675695938170"}}
{"logTime": "0213/184139", "correlationVector":"pSftQ/U9tNJaD9w+Okidj+.221","action":"GetUpdates", "result":"DeleteReceived", "context":{"id":"db0a931a-ddf5-4a53-8ba6-551a355115f2", "isDeleted:":"true", "version":"1675697414226"}}
{"logTime": "0213/184139", "correlationVector":"pSftQ/U9tNJaD9w+Okidj+.222","action":"GetUpdates Response", "result":"SERVER_MORE_TO_DOWNLOAD", "context":Received 250 update(s).  Some updates remain.}
{"logTime": "0213/184139", "correlationVector":"zpNipN/CAtcdymumiPJ2W+","action":"Normal GetUpdate request", "result":"", "context":cV=zpNipN/CAtcdymumiPJ2W+
Nudged types: Sessions, Device Info, User Consents
Refresh requested types: Bookmarks, Preferences, Passwords, Autofill Profiles, Autofill, Autofill Custom Data, Typed URLs, Extensions, Sessions, Extension settings, History Delete Directives, Device Info, User Consents, Send Tab To Self, Web Apps, Collection, Encryption Keys}
{"logTime": "0213/184139", "correlationVector":"zpNipN/CAtcdymumiPJ2W+.1","action":"SyncServerConnectionManagerRequest", "result":"SYNC_SERVER_OK", "context":{"environment":"Prod_SoutheastAsia_000j", "server":"GENERAL01000001"}}
{"logTime": "0213/184139", "correlationVector":"zpNipN/CAtcdymumiPJ2W+.3","action":"GetUpdates", "result":"DeleteReceived", "context":{"id":"9eab35fa-294b-48e9-b44e-1a7852241d2c", "isDeleted:":"true", "version":"1675715264915"}}
{"logTime": "0213/184139", "correlationVector":"zpNipN/CAtcdymumiPJ2W+.4","action":"GetUpdates", "result":"DeleteReceived", "context":{"id":"73239d8c-7169-4861-94b7-c70501e37db4", "isDeleted:":"true", "version":"1675715264916"}}
{"logTime": "0213/184139", "correlationVector":"zpNipN/CAtcdymumiPJ2W+.5","action":"GetUpdates", "result":"DeleteReceived", "context":{"id":"c2f75f62-a3c3-4a5e-a72f-2e1c5768b0b9", "isDeleted:":"true", "version":"1675715264917"}}
{"logTime": "0213/184139", "correlationVector":"zpNipN/CAtcdymumiPJ2W+.6","action":"GetUpdates", "result":"DeleteReceived", "context":{"id":"f0da2d48-8052-4881-b48e-5b7a6bc9eccd", "isDeleted:":"true", "version":"1675792834352"}}
{"logTime": "0213/184139", "correlationVector":"zpNipN/CAtcdymumiPJ2W+.7","action":"GetUpdates", "result":"DeleteReceived", "context":{"id":"0cfb3a00-f51e-44cb-8791-35fe7d27ebe7", "isDeleted:":"true", "version":"1675792834353"}}
{"logTime": "0213/184139", "correlationVector":"zpNipN/CAtcdymumiPJ2W+.8","action":"GetUpdates", "result":"DeleteReceived", "context":{"id":"363faef1-b5e6-4184-83b0-ddf92d3fe30a", "isDeleted:":"true", "version":"1675792834354"}}
{"logTime": "0213/184139", "correlationVector":"zpNipN/CAtcdymumiPJ2W+.9","action":"GetUpdates", "result":"DeleteReceived", "context":{"id":"6f838bf6-e399-465d-bce1-73bf4a8cbf7a", "isDeleted:":"true", "version":"1675798155716"}}
{"logTime": "0213/184139", "correlationVector":"zpNipN/CAtcdymumiPJ2W+.10","action":"GetUpdates", "result":"DeleteReceived", "context":{"id":"297ced3d-c830-44f7-9369-9f0f2524581b", "isDeleted:":"true", "version":"1675962395471"}}
{"logTime": "0213/184139", "correlationVector":"zpNipN/CAtcdymumiPJ2W+.11","action":"GetUpdates", "result":"DeleteReceived", "context":{"id":"3b645a9d-ed15-48ca-bd8c-9a68e7fb9f13", "isDeleted:":"true", "version":"1676052324784"}}
{"logTime": "0213/184139", "correlationVector":"zpNipN/CAtcdymumiPJ2W+.12","action":"GetUpdates", "result":"DeleteReceived", "context":{"id":"a45b90e7-fbb7-425e-bf75-ccc9c9ec85a1", "isDeleted:":"true", "version":"1676052324785"}}
{"logTime": "0213/184139", "correlationVector":"zpNipN/CAtcdymumiPJ2W+.13","action":"GetUpdates", "result":"DeleteReceived", "context":{"id":"0ad5f298-3740-4f3e-95bc-d1a0e4b7af2b", "isDeleted:":"true", "version":"1676052324786"}}
{"logTime": "0213/184139", "correlationVector":"zpNipN/CAtcdymumiPJ2W+.14","action":"GetUpdates", "result":"DeleteReceived", "context":{"id":"74908fff-2df7-4ccb-885b-bf19e316bf0c", "isDeleted:":"true", "version":"1676052324787"}}
{"logTime": "0213/184139", "correlationVector":"zpNipN/CAtcdymumiPJ2W+.15","action":"GetUpdates", "result":"DeleteReceived", "context":{"id":"97de4c3b-d53c-4f25-93a4-599db42951f2", "isDeleted:":"true", "version":"1676052324788"}}
{"logTime": "0213/184139", "correlationVector":"zpNipN/CAtcdymumiPJ2W+.16","action":"GetUpdates", "result":"DeleteReceived", "context":{"id":"b8ab6f7a-8141-4672-87b1-51becddfcab3", "isDeleted:":"true", "version":"1676052324789"}}
{"logTime": "0213/184139", "correlationVector":"zpNipN/CAtcdymumiPJ2W+.17","action":"GetUpdates", "result":"DeleteReceived", "context":{"id":"c2098f25-9402-4d07-bdad-74bfdda4629b", "isDeleted:":"true", "version":"1676052324790"}}
{"logTime": "0213/184139", "correlationVector":"zpNipN/CAtcdymumiPJ2W+.18","action":"GetUpdates", "result":"DeleteReceived", "context":{"id":"fae31de4-0604-4065-9a1b-bd29cfac8e63", "isDeleted:":"true", "version":"1676052324791"}}
{"logTime": "0213/184139", "correlationVector":"zpNipN/CAtcdymumiPJ2W+.19","action":"GetUpdates", "result":"DeleteReceived", "context":{"id":"08b657b0-31a6-4e62-a54b-3f2d411105db", "isDeleted:":"true", "version":"1676052324792"}}
{"logTime": "0213/184139", "correlationVector":"zpNipN/CAtcdymumiPJ2W+.20","action":"GetUpdates", "result":"DeleteReceived", "context":{"id":"d8c00a10-9079-4c81-a84c-18c5d6ad2ff5", "isDeleted:":"true", "version":"1676052324793"}}
{"logTime": "0213/184139", "correlationVector":"zpNipN/CAtcdymumiPJ2W+.21","action":"GetUpdates", "result":"DeleteReceived", "context":{"id":"66dd25f1-ec2e-42af-b429-8d1599bbfda4", "isDeleted:":"true", "version":"1676052324794"}}
{"logTime": "0213/184139", "correlationVector":"zpNipN/CAtcdymumiPJ2W+.22","action":"GetUpdates", "result":"DeleteReceived", "context":{"id":"1bffeaa9-a95f-489b-95ea-f211ce1ae16c", "isDeleted:":"true", "version":"1676114841915"}}
{"logTime": "0213/184139", "correlationVector":"zpNipN/CAtcdymumiPJ2W+.23","action":"GetUpdates", "result":"DeleteReceived", "context":{"id":"abebddc7-4ea7-4e08-8e63-253d452d394a", "isDeleted:":"true", "version":"1676114841916"}}
{"logTime": "0213/184139", "correlationVector":"zpNipN/CAtcdymumiPJ2W+.24","action":"GetUpdates", "result":"DeleteReceived", "context":{"id":"7d601954-b9ba-4f4c-85e4-1b3fb39c21b8", "isDeleted:":"true", "version":"1675699020422"}}
{"logTime": "0213/184139", "correlationVector":"zpNipN/CAtcdymumiPJ2W+.26","action":"GetUpdates", "result":"DeleteReceived", "context":{"id":"046f2ce6-2a79-4050-a142-31d8b4e66724", "isDeleted:":"true", "version":"1675708014807"}}
{"logTime": "0213/184139", "correlationVector":"zpNipN/CAtcdymumiPJ2W+.27","action":"GetUpdates", "result":"DeleteReceived", "context":{"id":"35e0cce0-665c-40ff-b65e-5fd3687eb355", "isDeleted:":"true", "version":"1675708014809"}}
{"logTime": "0213/184139", "correlationVector":"zpNipN/CAtcdymumiPJ2W+.28","action":"GetUpdates", "result":"DeleteReceived", "context":{"id":"9c408018-de27-482a-be6a-bcc4c88b1409", "isDeleted:":"true", "version":"1675708014810"}}
{"logTime": "0213/184139", "correlationVector":"zpNipN/CAtcdymumiPJ2W+.29","action":"GetUpdates", "result":"DeleteReceived", "context":{"id":"3ca65fab-1b3b-4bc7-9b05-d5a180490dd3", "isDeleted:":"true", "version":"1675708014811"}}
{"logTime": "0213/184139", "correlationVector":"zpNipN/CAtcdymumiPJ2W+.30","action":"GetUpdates", "result":"DeleteReceived", "context":{"id":"d60f08a5-01f4-4126-8f2d-dbbd00b48a52", "isDeleted:":"true", "version":"1675708306133"}}
{"logTime": "0213/184139", "correlationVector":"zpNipN/CAtcdymumiPJ2W+.31","action":"GetUpdates", "result":"DeleteReceived", "context":{"id":"68177a11-27e0-4a85-9a24-dadf8aa74550", "isDeleted:":"true", "version":"1675708649196"}}
{"logTime": "0213/184139", "correlationVector":"zpNipN/CAtcdymumiPJ2W+.32","action":"GetUpdates", "result":"DeleteReceived", "context":{"id":"c7756804-312b-4ff2-8457-7edfd97788e0", "isDeleted:":"true", "version":"1675709706789"}}
{"logTime": "0213/184139", "correlationVector":"zpNipN/CAtcdymumiPJ2W+.33","action":"GetUpdates", "result":"DeleteReceived", "context":{"id":"47c3e488-6c26-4de6-8a5a-07f276b0700f", "isDeleted:":"true", "version":"1675710357539"}}
{"logTime": "0213/184139", "correlationVector":"zpNipN/CAtcdymumiPJ2W+.34","action":"GetUpdates", "result":"DeleteReceived", "context":{"id":"b5a1a8e2-057b-41c4-b2cb-0629fc98b931", "isDeleted:":"true", "version":"1675710971347"}}
{"logTime": "0213/184139", "correlationVector":"zpNipN/CAtcdymumiPJ2W+.35","action":"GetUpdates", "result":"DeleteReceived", "context":{"id":"5c34bd6d-e7cc-4276-9e37-1e4aaee94c17", "isDeleted:":"true", "version":"1675711025114"}}
{"logTime": "0213/184139", "correlationVector":"zpNipN/CAtcdymumiPJ2W+.36","action":"GetUpdates", "result":"DeleteReceived", "context":{"id":"c042484e-9d6b-4326-956e-a0a968eda80a", "isDeleted:":"true", "version":"1675711107267"}}
{"logTime": "0213/184139", "correlationVector":"zpNipN/CAtcdymumiPJ2W+.37","action":"GetUpdates", "result":"DeleteReceived", "context":{"id":"21d31e64-6696-4d47-9cfa-34139fa996ab", "isDeleted:":"true", "version":"1675711107269"}}
{"logTime": "0213/184139", "correlationVector":"zpNipN/CAtcdymumiPJ2W+.38","action":"GetUpdates", "result":"DeleteReceived", "context":{"id":"0c9e0f90-2afb-4e98-a222-e72ae9320e1d", "isDeleted:":"true", "version":"1675711855806"}}
{"logTime": "0213/184139", "correlationVector":"zpNipN/CAtcdymumiPJ2W+.39","action":"GetUpdates", "result":"DeleteReceived", "context":{"id":"11516bfd-7107-4cae-9fac-1f888b7e2095", "isDeleted:":"true", "version":"1675711903944"}}
{"logTime": "0213/184139", "correlationVector":"zpNipN/CAtcdymumiPJ2W+.40","action":"GetUpdates", "result":"DeleteReceived", "context":{"id":"532fd125-3c1f-4c71-b90a-bc5fae6af9c3", "isDeleted:":"true", "version":"1675711903945"}}
{"logTime": "0213/184139", "correlationVector":"zpNipN/CAtcdymumiPJ2W+.41","action":"GetUpdates", "result":"DeleteReceived", "context":{"id":"dff8184a-b005-4c18-b4e4-4320118d3643", "isDeleted:":"true", "version":"1675711903948"}}
{"logTime": "0213/184139", "correlationVector":"zpNipN/CAtcdymumiPJ2W+.42","action":"GetUpdates", "result":"DeleteReceived", "context":{"id":"55c34813-ee45-4f25-b356-f845b9a1b5e7", "isDeleted:":"true", "version":"1675711938476"}}
{"logTime": "0213/184139", "correlationVector":"zpNipN/CAtcdymumiPJ2W+.43","action":"GetUpdates", "result":"DeleteReceived", "context":{"id":"1e72672b-8041-4a04-b8db-fb131eb330e7", "isDeleted:":"true", "version":"1675713187169"}}
{"logTime": "0213/184139", "correlationVector":"zpNipN/CAtcdymumiPJ2W+.44","action":"GetUpdates", "result":"DeleteReceived", "context":{"id":"069ec98c-ae3f-47ee-b5f8-75a9d77474d3", "isDeleted:":"true", "version":"1675713273266"}}
{"logTime": "0213/184139", "correlationVector":"zpNipN/CAtcdymumiPJ2W+.45","action":"GetUpdates", "result":"DeleteReceived", "context":{"id":"4dc640c8-18dd-46e4-9c6b-2faf550e3b03", "isDeleted:":"true", "version":"1675713273267"}}
{"logTime": "0213/184139", "correlationVector":"zpNipN/CAtcdymumiPJ2W+.46","action":"GetUpdates", "result":"DeleteReceived", "context":{"id":"2d913de3-8602-4d5e-b3c0-3c1548c12a6c", "isDeleted:":"true", "version":"1675714543881"}}
{"logTime": "0213/184139", "correlationVector":"zpNipN/CAtcdymumiPJ2W+.47","action":"GetUpdates", "result":"DeleteReceived", "context":{"id":"247969b7-916d-4edb-aa8d-e96352e79651", "isDeleted:":"true", "version":"1675743470940"}}
{"logTime": "0213/184139", "correlationVector":"zpNipN/CAtcdymumiPJ2W+.48","action":"GetUpdates", "result":"DeleteReceived", "context":{"id":"2712b976-099c-4bd3-90e3-d33b3e44bcdf", "isDeleted:":"true", "version":"1675743470941"}}
{"logTime": "0213/184139", "correlationVector":"zpNipN/CAtcdymumiPJ2W+.50","action":"GetUpdates", "result":"DeleteReceived", "context":{"id":"21297201-b4ac-4d07-8e58-501362814ff0", "isDeleted:":"true", "version":"1675743470943"}}
{"logTime": "0213/184139", "correlationVector":"zpNipN/CAtcdymumiPJ2W+.51","action":"GetUpdates", "result":"DeleteReceived", "context":{"id":"b69ef02c-0a5c-43fc-80bf-422d6ce2c1cf", "isDeleted:":"true", "version":"1675743470944"}}
{"logTime": "0213/184139", "correlationVector":"zpNipN/CAtcdymumiPJ2W+.53","action":"GetUpdates", "result":"DeleteReceived", "context":{"id":"bc8ed946-b437-4f82-aad1-51f49e9dec0e", "isDeleted:":"true", "version":"1675743848800"}}
{"logTime": "0213/184139", "correlationVector":"zpNipN/CAtcdymumiPJ2W+.54","action":"GetUpdates", "result":"DeleteReceived", "context":{"id":"5c88c16b-077f-4786-aa23-d6f5c27c19eb", "isDeleted:":"true", "version":"1675743848801"}}
{"logTime": "0213/184139", "correlationVector":"zpNipN/CAtcdymumiPJ2W+.55","action":"GetUpdates", "result":"DeleteReceived", "context":{"id":"ad75ff66-a44d-48e9-aed7-056eb6f601ea", "isDeleted:":"true", "version":"1675743933856"}}
{"logTime": "0213/184139", "correlationVector":"zpNipN/CAtcdymumiPJ2W+.56","action":"GetUpdates", "result":"DeleteReceived", "context":{"id":"b508e0d7-85d5-4353-9e2e-b919cb52e8d4", "isDeleted:":"true", "version":"1675744072136"}}
{"logTime": "0213/184139", "correlationVector":"zpNipN/CAtcdymumiPJ2W+.57","action":"GetUpdates", "result":"DeleteReceived", "context":{"id":"8b0a08ba-5e5f-48f7-a53d-6a365108932f", "isDeleted:":"true", "version":"1675783745191"}}
{"logTime": "0213/184139", "correlationVector":"zpNipN/CAtcdymumiPJ2W+.58","action":"GetUpdates", "result":"DeleteReceived", "context":{"id":"98ee70e9-5758-4771-88c3-ffe57e81c40c", "isDeleted:":"true", "version":"1675783745194"}}
{"logTime": "0213/184139", "correlationVector":"zpNipN/CAtcdymumiPJ2W+.59","action":"GetUpdates", "result":"DeleteReceived", "context":{"id":"0e65057a-91ae-4a75-a22d-6b8e766b8ac6", "isDeleted:":"true", "version":"1675783745195"}}
{"logTime": "0213/184139", "correlationVector":"zpNipN/CAtcdymumiPJ2W+.60","action":"GetUpdates", "result":"DeleteReceived", "context":{"id":"deae30ea-95a1-4871-b096-a0c17a42e597", "isDeleted:":"true", "version":"1675784264962"}}
{"logTime": "0213/184139", "correlationVector":"zpNipN/CAtcdymumiPJ2W+.61","action":"GetUpdates", "result":"DeleteReceived", "context":{"id":"272ccd02-7fe1-443c-b6bf-b18dfbfeeda9", "isDeleted:":"true", "version":"1675784399381"}}
{"logTime": "0213/184139", "correlationVector":"zpNipN/CAtcdymumiPJ2W+.62","action":"GetUpdates", "result":"DeleteReceived", "context":{"id":"b89c3735-9256-4ea3-ba1b-71de491c72bf", "isDeleted:":"true", "version":"1675785511388"}}
{"logTime": "0213/184139", "correlationVector":"zpNipN/CAtcdymumiPJ2W+.63","action":"GetUpdates", "result":"DeleteReceived", "context":{"id":"57705f67-fe1f-4d83-9ab5-fcb2c6c47c19", "isDeleted:":"true", "version":"1675786895126"}}
{"logTime": "0213/184139", "correlationVector":"zpNipN/CAtcdymumiPJ2W+.64","action":"GetUpdates", "result":"DeleteReceived", "context":{"id":"d2cd65c1-1bbc-4991-82a4-7fbefc78c45e", "isDeleted:":"true", "version":"1675787943571"}}
{"logTime": "0213/184139", "correlationVector":"zpNipN/CAtcdymumiPJ2W+.65","action":"GetUpdates", "result":"DeleteReceived", "context":{"id":"bf504922-b210-4f61-8aab-db03b8ce9aad", "isDeleted:":"true", "version":"1675788202013"}}
{"logTime": "0213/184139", "correlationVector":"zpNipN/CAtcdymumiPJ2W+.66","action":"GetUpdates", "result":"DeleteReceived", "context":{"id":"cd75dc3c-bddc-4316-b388-cfb170f69f86", "isDeleted:":"true", "version":"1675788341066"}}
{"logTime": "0213/184139", "correlationVector":"zpNipN/CAtcdymumiPJ2W+.67","action":"GetUpdates", "result":"DeleteReceived", "context":{"id":"801ba636-199f-44f0-aa61-ac431d9c3aea", "isDeleted:":"true", "version":"1675788489147"}}
{"logTime": "0213/184139", "correlationVector":"zpNipN/CAtcdymumiPJ2W+.68","action":"GetUpdates", "result":"DeleteReceived", "context":{"id":"f8153895-dc4f-45ec-9284-8f5233f85c1d", "isDeleted:":"true", "version":"1675788489148"}}
{"logTime": "0213/184139", "correlationVector":"zpNipN/CAtcdymumiPJ2W+.69","action":"GetUpdates", "result":"DeleteReceived", "context":{"id":"a87e807a-6265-452e-89e3-5d5c6d32d9f7", "isDeleted:":"true", "version":"1675788489149"}}
{"logTime": "0213/184139", "correlationVector":"zpNipN/CAtcdymumiPJ2W+.71","action":"GetUpdates", "result":"DeleteReceived", "context":{"id":"23b49869-9f7a-47cd-87a4-1bd119fd18ce", "isDeleted:":"true", "version":"1675795149036"}}
{"logTime": "0213/184139", "correlationVector":"zpNipN/CAtcdymumiPJ2W+.73","action":"GetUpdates", "result":"DeleteReceived", "context":{"id":"594e58cb-7cba-4fc4-9d17-b46ebf2a5490", "isDeleted:":"true", "version":"1675795149039"}}
{"logTime": "0213/184139", "correlationVector":"zpNipN/CAtcdymumiPJ2W+.74","action":"GetUpdates", "result":"DeleteReceived", "context":{"id":"788853cb-ee35-4b8a-a030-f4a19a26a07c", "isDeleted:":"true", "version":"1675795149040"}}
{"logTime": "0213/184139", "correlationVector":"zpNipN/CAtcdymumiPJ2W+.75","action":"GetUpdates", "result":"DeleteReceived", "context":{"id":"e35b9e39-5502-428f-9412-680392be1df8", "isDeleted:":"true", "version":"1675795149042"}}
{"logTime": "0213/184139", "correlationVector":"zpNipN/CAtcdymumiPJ2W+.76","action":"GetUpdates", "result":"DeleteReceived", "context":{"id":"8537cfcb-97a4-4c96-b22d-7cff62db720d", "isDeleted:":"true", "version":"1675795273324"}}
{"logTime": "0213/184139", "correlationVector":"zpNipN/CAtcdymumiPJ2W+.77","action":"GetUpdates", "result":"DeleteReceived", "context":{"id":"b602750d-1773-4214-bde5-593132f0c595", "isDeleted:":"true", "version":"1675795596571"}}
{"logTime": "0213/184139", "correlationVector":"zpNipN/CAtcdymumiPJ2W+.78","action":"GetUpdates", "result":"DeleteReceived", "context":{"id":"561a62e2-cb17-460f-9191-2146fdabdd0e", "isDeleted:":"true", "version":"1675795628771"}}
{"logTime": "0213/184139", "correlationVector":"zpNipN/CAtcdymumiPJ2W+.79","action":"GetUpdates", "result":"DeleteReceived", "context":{"id":"c9f03052-b9d0-47e2-bc32-6ba575f8c210", "isDeleted:":"true", "version":"1675795785308"}}
{"logTime": "0213/184139", "correlationVector":"zpNipN/CAtcdymumiPJ2W+.80","action":"GetUpdates", "result":"DeleteReceived", "context":{"id":"d1bc829f-8b59-4dd7-afc6-e22749e80f9a", "isDeleted:":"true", "version":"1675796580755"}}
{"logTime": "0213/184139", "correlationVector":"zpNipN/CAtcdymumiPJ2W+.81","action":"GetUpdates", "result":"DeleteReceived", "context":{"id":"60101da7-5f96-433a-babf-a3c4f67afc3f", "isDeleted:":"true", "version":"1675796702854"}}
{"logTime": "0213/184139", "correlationVector":"zpNipN/CAtcdymumiPJ2W+.82","action":"GetUpdates", "result":"DeleteReceived", "context":{"id":"37f0da70-edb0-428e-8812-2b25a9810fef", "isDeleted:":"true", "version":"1675960012386"}}
{"logTime": "0213/184139", "correlationVector":"zpNipN/CAtcdymumiPJ2W+.83","action":"GetUpdates", "result":"DeleteReceived", "context":{"id":"fcc07c11-393f-4710-af55-00731630c6cf", "isDeleted:":"true", "version":"1675960012387"}}
{"logTime": "0213/184139", "correlationVector":"zpNipN/CAtcdymumiPJ2W+.84","action":"GetUpdates", "result":"DeleteReceived", "context":{"id":"636b9134-af18-44f2-a627-5344639fe66e", "isDeleted:":"true", "version":"1675960012388"}}
{"logTime": "0213/184139", "correlationVector":"zpNipN/CAtcdymumiPJ2W+.85","action":"GetUpdates", "result":"DeleteReceived", "context":{"id":"a4607715-0553-4eb4-a379-d0bbc417a78b", "isDeleted:":"true", "version":"1675960012389"}}
{"logTime": "0213/184139", "correlationVector":"zpNipN/CAtcdymumiPJ2W+.86","action":"GetUpdates", "result":"DeleteReceived", "context":{"id":"27c50b53-7a24-4c47-bcbc-1e5ffd045926", "isDeleted:":"true", "version":"1675960731633"}}
{"logTime": "0213/184139", "correlationVector":"zpNipN/CAtcdymumiPJ2W+.87","action":"GetUpdates", "result":"DeleteReceived", "context":{"id":"48d15f05-046b-4f52-956b-3431f14904db", "isDeleted:":"true", "version":"1675962232995"}}
{"logTime": "0213/184139", "correlationVector":"zpNipN/CAtcdymumiPJ2W+.88","action":"GetUpdates", "result":"DeleteReceived", "context":{"id":"32eadd1f-7876-40fe-9f67-d8efae7eba21", "isDeleted:":"true", "version":"1675962308866"}}
{"logTime": "0213/184139", "correlationVector":"zpNipN/CAtcdymumiPJ2W+.89","action":"GetUpdates", "result":"DeleteReceived", "context":{"id":"f9f5ebc9-bb1a-4d34-97a4-3b39bbbac2ae", "isDeleted:":"true", "version":"1676049707473"}}
{"logTime": "0213/184139", "correlationVector":"zpNipN/CAtcdymumiPJ2W+.90","action":"GetUpdates", "result":"DeleteReceived", "context":{"id":"f9ccbc0e-0a50-4a65-a047-1549b28dc8e7", "isDeleted:":"true", "version":"1676049707474"}}
{"logTime": "0213/184139", "correlationVector":"zpNipN/CAtcdymumiPJ2W+.91","action":"GetUpdates", "result":"DeleteReceived", "context":{"id":"87fa1a15-09e3-4a84-9a80-60bde4484859", "isDeleted:":"true", "version":"1676049707475"}}
{"logTime": "0213/184139", "correlationVector":"zpNipN/CAtcdymumiPJ2W+.92","action":"GetUpdates", "result":"DeleteReceived", "context":{"id":"3e213155-1059-43fd-a47e-8d0005d9ce9b", "isDeleted:":"true", "version":"1676050317133"}}
{"logTime": "0213/184139", "correlationVector":"zpNipN/CAtcdymumiPJ2W+.93","action":"GetUpdates", "result":"DeleteReceived", "context":{"id":"382b7a95-ebef-488a-a044-d0607ece7570", "isDeleted:":"true", "version":"1676050577771"}}
{"logTime": "0213/184139", "correlationVector":"zpNipN/CAtcdymumiPJ2W+.94","action":"GetUpdates", "result":"DeleteReceived", "context":{"id":"53fbf697-963c-4483-b89e-e734723f2932", "isDeleted:":"true", "version":"1676051503315"}}
{"logTime": "0213/184139", "correlationVector":"zpNipN/CAtcdymumiPJ2W+.95","action":"GetUpdates", "result":"DeleteReceived", "context":{"id":"78598439-6a9a-4834-983e-1f640639c387", "isDeleted:":"true", "version":"1676052034871"}}
{"logTime": "0213/184139", "correlationVector":"zpNipN/CAtcdymumiPJ2W+.96","action":"GetUpdates", "result":"DeleteReceived", "context":{"id":"05911ede-61ee-40a6-bb31-74ee2ddbc50f", "isDeleted:":"true", "version":"1676052127187"}}
{"logTime": "0213/184139", "correlationVector":"zpNipN/CAtcdymumiPJ2W+.97","action":"GetUpdates", "result":"DeleteReceived", "context":{"id":"13c4240c-1838-4f82-ac5f-7c8da1547c11", "isDeleted:":"true", "version":"1676052280764"}}
{"logTime": "0213/184139", "correlationVector":"zpNipN/CAtcdymumiPJ2W+.98","action":"GetUpdates", "result":"DeleteReceived", "context":{"id":"1674a616-4ce2-4759-8679-487c6274fb71", "isDeleted:":"true", "version":"1676052316561"}}
{"logTime": "0213/184139", "correlationVector":"zpNipN/CAtcdymumiPJ2W+.99","action":"GetUpdates", "result":"DeleteReceived", "context":{"id":"be021292-e08e-4147-a0a9-7cc8fb0811b0", "isDeleted:":"true", "version":"1676052316563"}}
{"logTime": "0213/184139", "correlationVector":"zpNipN/CAtcdymumiPJ2W+.100","action":"GetUpdates", "result":"DeleteReceived", "context":{"id":"87eedfb6-4a28-4179-ace4-6f8568b33356", "isDeleted:":"true", "version":"1676052316565"}}
{"logTime": "0213/184139", "correlationVector":"zpNipN/CAtcdymumiPJ2W+.101","action":"GetUpdates", "result":"DeleteReceived", "context":{"id":"e0cc0c94-b2d0-4392-8b2a-5928d94f1a89", "isDeleted:":"true", "version":"1676052653575"}}
{"logTime": "0213/184139", "correlationVector":"zpNipN/CAtcdymumiPJ2W+.102","action":"GetUpdates", "result":"DeleteReceived", "context":{"id":"652207e1-ee59-4417-a677-21dd59811320", "isDeleted:":"true", "version":"1676052653576"}}
{"logTime": "0213/184139", "correlationVector":"zpNipN/CAtcdymumiPJ2W+.103","action":"GetUpdates", "result":"DeleteReceived", "context":{"id":"900b7d26-7e2d-4c2a-914a-6dd90f705d5a", "isDeleted:":"true", "version":"1676052653577"}}
{"logTime": "0213/184139", "correlationVector":"zpNipN/CAtcdymumiPJ2W+.104","action":"GetUpdates", "result":"DeleteReceived", "context":{"id":"f85949c6-0b5f-4c21-86f3-ec7fca211f5b", "isDeleted:":"true", "version":"1676052653578"}}
{"logTime": "0213/184139", "correlationVector":"zpNipN/CAtcdymumiPJ2W+.106","action":"GetUpdates", "result":"DeleteReceived", "context":{"id":"197299d7-a9b6-49a1-affb-4194e92a2213", "isDeleted:":"true", "version":"1676055997278"}}
{"logTime": "0213/184139", "correlationVector":"zpNipN/CAtcdymumiPJ2W+.107","action":"GetUpdates", "result":"DeleteReceived", "context":{"id":"810c97c0-7b5c-48e0-9ebd-80d33a94082d", "isDeleted:":"true", "version":"1676105239567"}}
{"logTime": "0213/184139", "correlationVector":"zpNipN/CAtcdymumiPJ2W+.108","action":"GetUpdates", "result":"DeleteReceived", "context":{"id":"cbc21f99-f57f-4195-9e71-13ff7a2be7d3", "isDeleted:":"true", "version":"1676105239568"}}
{"logTime": "0213/184139", "correlationVector":"zpNipN/CAtcdymumiPJ2W+.109","action":"GetUpdates", "result":"DeleteReceived", "context":{"id":"ff25f409-0dfa-4a58-a405-06b6e0a58c60", "isDeleted:":"true", "version":"1676106052609"}}
{"logTime": "0213/184139", "correlationVector":"zpNipN/CAtcdymumiPJ2W+.110","action":"GetUpdates", "result":"DeleteReceived", "context":{"id":"64fc9fc5-6352-4b34-9f9d-bc8bd901a834", "isDeleted:":"true", "version":"1676107284998"}}
{"logTime": "0213/184139", "correlationVector":"zpNipN/CAtcdymumiPJ2W+.111","action":"GetUpdates", "result":"DeleteReceived", "context":{"id":"8cae64d0-a191-44f0-a689-104c89db2de0", "isDeleted:":"true", "version":"1676109338031"}}
{"logTime": "0213/184139", "correlationVector":"zpNipN/CAtcdymumiPJ2W+.112","action":"GetUpdates", "result":"DeleteReceived", "context":{"id":"98d725af-e672-480e-80a5-30fb2dc452ed", "isDeleted:":"true", "version":"1676115230860"}}
{"logTime": "0213/184139", "correlationVector":"zpNipN/CAtcdymumiPJ2W+.113","action":"GetUpdates", "result":"DeleteReceived", "context":{"id":"d14e8881-2e4f-48c4-803d-61b76875eda1", "isDeleted:":"true", "version":"1676115230862"}}
{"logTime": "0213/184139", "correlationVector":"zpNipN/CAtcdymumiPJ2W+.114","action":"GetUpdates", "result":"DeleteReceived", "context":{"id":"dd6ca818-7fd0-4e46-a69d-02f32e10fdc1", "isDeleted:":"true", "version":"1676115230863"}}
{"logTime": "0213/184139", "correlationVector":"zpNipN/CAtcdymumiPJ2W+.115","action":"GetUpdates", "result":"DeleteReceived", "context":{"id":"0d5d4891-ab69-4a64-9c89-3d0088c2f51f", "isDeleted:":"true", "version":"1676115230864"}}
{"logTime": "0213/184139", "correlationVector":"zpNipN/CAtcdymumiPJ2W+.116","action":"GetUpdates", "result":"DeleteReceived", "context":{"id":"d91cc093-fb91-4a7d-a3d9-a119bd468630", "isDeleted:":"true", "version":"1676115230865"}}
{"logTime": "0213/184139", "correlationVector":"zpNipN/CAtcdymumiPJ2W+.117","action":"GetUpdates", "result":"DeleteReceived", "context":{"id":"1cebbc0a-c91a-411d-9a66-3bb24151edee", "isDeleted:":"true", "version":"1676116115164"}}
{"logTime": "0213/184139", "correlationVector":"zpNipN/CAtcdymumiPJ2W+.118","action":"GetUpdates", "result":"DeleteReceived", "context":{"id":"a155f6bd-6b4e-4d1d-8141-358ccfa59b0a", "isDeleted:":"true", "version":"1676118436036"}}
{"logTime": "0213/184139", "correlationVector":"zpNipN/CAtcdymumiPJ2W+.119","action":"GetUpdates", "result":"DeleteReceived", "context":{"id":"facf55da-e164-43de-b89f-f7c83b95ee58", "isDeleted:":"true", "version":"1676118495262"}}
{"logTime": "0213/184139", "correlationVector":"zpNipN/CAtcdymumiPJ2W+.120","action":"GetUpdates", "result":"DeleteReceived", "context":{"id":"50df3e32-7409-42ec-97cc-dd1d3aa0518e", "isDeleted:":"true", "version":"1676123303908"}}
{"logTime": "0213/184139", "correlationVector":"zpNipN/CAtcdymumiPJ2W+.121","action":"GetUpdates", "result":"DeleteReceived", "context":{"id":"7e75e4fb-ce7d-4be8-8e67-7e31251b89b9", "isDeleted:":"true", "version":"1676123303909"}}
{"logTime": "0213/184139", "correlationVector":"zpNipN/CAtcdymumiPJ2W+.122","action":"GetUpdates", "result":"DeleteReceived", "context":{"id":"2c3ebceb-f643-4014-9874-a50eadbf1b00", "isDeleted:":"true", "version":"1676123303910"}}
{"logTime": "0213/184139", "correlationVector":"zpNipN/CAtcdymumiPJ2W+.123","action":"GetUpdates", "result":"DeleteReceived", "context":{"id":"d646fccb-63d0-4b9f-9085-149891a3f3aa", "isDeleted:":"true", "version":"1676123303912"}}
{"logTime": "0213/184139", "correlationVector":"zpNipN/CAtcdymumiPJ2W+.124","action":"GetUpdates", "result":"DeleteReceived", "context":{"id":"f018b26b-bda1-404b-94d9-1887bd5043bc", "isDeleted:":"true", "version":"1676124071527"}}
{"logTime": "0213/184139", "correlationVector":"zpNipN/CAtcdymumiPJ2W+.126","action":"GetUpdates", "result":"DeleteReceived", "context":{"id":"cb8f072c-8a92-4c36-9bab-282b0a9f9749", "isDeleted:":"true", "version":"1676124113915"}}
{"logTime": "0213/184139", "correlationVector":"zpNipN/CAtcdymumiPJ2W+.127","action":"GetUpdates", "result":"DeleteReceived", "context":{"id":"9ca5c77d-5919-4594-a947-85f45d2e0200", "isDeleted:":"true", "version":"1676130813109"}}
{"logTime": "0213/184139", "correlationVector":"zpNipN/CAtcdymumiPJ2W+.128","action":"GetUpdates", "result":"DeleteReceived", "context":{"id":"7a17e9f0-b958-4564-838f-114c057f5735", "isDeleted:":"true", "version":"1676135044554"}}
{"logTime": "0213/184139", "correlationVector":"zpNipN/CAtcdymumiPJ2W+.129","action":"GetUpdates", "result":"DeleteReceived", "context":{"id":"dd796080-666e-4dc4-9233-c04f30111581", "isDeleted:":"true", "version":"1676136627290"}}
{"logTime": "0213/184139", "correlationVector":"zpNipN/CAtcdymumiPJ2W+.130","action":"GetUpdates", "result":"DeleteReceived", "context":{"id":"aed03a35-9fde-4136-b87c-5c0b400319c9", "isDeleted:":"true", "version":"1676138817415"}}
{"logTime": "0213/184139", "correlationVector":"zpNipN/CAtcdymumiPJ2W+.131","action":"GetUpdates", "result":"DeleteReceived", "context":{"id":"64f67fd9-481f-45d8-9879-48970dffd0a4", "isDeleted:":"true", "version":"1676140132077"}}
{"logTime": "0213/184139", "correlationVector":"zpNipN/CAtcdymumiPJ2W+.132","action":"GetUpdates", "result":"DeleteReceived", "context":{"id":"085c34f8-a0c6-48f6-822a-57067ffc58d4", "isDeleted:":"true", "version":"1676141894103"}}
{"logTime": "0213/184139", "correlationVector":"zpNipN/CAtcdymumiPJ2W+.133","action":"GetUpdates", "result":"DeleteReceived", "context":{"id":"638484e9-bd78-4792-b8b8-397f16609bd3", "isDeleted:":"true", "version":"1676143041752"}}
{"logTime": "0213/184139", "correlationVector":"zpNipN/CAtcdymumiPJ2W+.134","action":"GetUpdates", "result":"DeleteReceived", "context":{"id":"e2cac2fe-bbd3-42f3-9060-80799f2dc33f", "isDeleted:":"true", "version":"1676143639977"}}
{"logTime": "0213/184139", "correlationVector":"zpNipN/CAtcdymumiPJ2W+.135","action":"GetUpdates", "result":"DeleteReceived", "context":{"id":"05d557fb-20aa-41ec-94db-cb0aa4ea6a93", "isDeleted:":"true", "version":"1676143991749"}}
{"logTime": "0213/184139", "correlationVector":"zpNipN/CAtcdymumiPJ2W+.136","action":"GetUpdates", "result":"DeleteReceived", "context":{"id":"bfab5d16-6e80-4e17-8677-87a257a56ad5", "isDeleted:":"true", "version":"1676143991750"}}
{"logTime": "0213/184139", "correlationVector":"zpNipN/CAtcdymumiPJ2W+.137","action":"GetUpdates", "result":"DeleteReceived", "context":{"id":"d33f935a-3683-46a0-8554-f2e53c893ddd", "isDeleted:":"true", "version":"1676143991751"}}
{"logTime": "0213/184139", "correlationVector":"zpNipN/CAtcdymumiPJ2W+.138","action":"GetUpdates", "result":"DeleteReceived", "context":{"id":"ac287939-dd22-450d-b83a-5e2fa65bad3d", "isDeleted:":"true", "version":"1676144479702"}}
{"logTime": "0213/184139", "correlationVector":"zpNipN/CAtcdymumiPJ2W+.139","action":"GetUpdates", "result":"DeleteReceived", "context":{"id":"d60b8c1b-7371-4b15-a92a-0e4784569409", "isDeleted:":"true", "version":"1676145183205"}}
{"logTime": "0213/184139", "correlationVector":"zpNipN/CAtcdymumiPJ2W+.140","action":"GetUpdates", "result":"DeleteReceived", "context":{"id":"2ad3d4ba-594f-44b2-ae6d-bffcd1f8e01b", "isDeleted:":"true", "version":"1676145183209"}}
{"logTime": "0213/184139", "correlationVector":"zpNipN/CAtcdymumiPJ2W+.141","action":"GetUpdates", "result":"DeleteReceived", "context":{"id":"bf6ec8e2-648b-4c31-a490-7227e5ddbffb", "isDeleted:":"true", "version":"1676183400766"}}
{"logTime": "0213/184139", "correlationVector":"zpNipN/CAtcdymumiPJ2W+.142","action":"GetUpdates", "result":"DeleteReceived", "context":{"id":"75bda07d-707a-4f87-975d-7063da6fd06f", "isDeleted:":"true", "version":"1676183400767"}}
{"logTime": "0213/184139", "correlationVector":"zpNipN/CAtcdymumiPJ2W+.143","action":"GetUpdates", "result":"DeleteReceived", "context":{"id":"e3e3eb56-8ee7-47da-a699-c4585c169102", "isDeleted:":"true", "version":"1676183400768"}}
{"logTime": "0213/184139", "correlationVector":"zpNipN/CAtcdymumiPJ2W+.144","action":"GetUpdates", "result":"DeleteReceived", "context":{"id":"b262d42b-32c4-4516-a0c1-82e850347a82", "isDeleted:":"true", "version":"1676183400769"}}
{"logTime": "0213/184139", "correlationVector":"zpNipN/CAtcdymumiPJ2W+.145","action":"GetUpdates", "result":"DeleteReceived", "context":{"id":"aba5b006-b45f-48bd-83e2-4532e61544cc", "isDeleted:":"true", "version":"1676183400770"}}
{"logTime": "0213/184139", "correlationVector":"zpNipN/CAtcdymumiPJ2W+.146","action":"GetUpdates", "result":"DeleteReceived", "context":{"id":"b32be1f2-e4ec-448e-8882-782d67c3b7fa", "isDeleted:":"true", "version":"1676184010256"}}
{"logTime": "0213/184139", "correlationVector":"zpNipN/CAtcdymumiPJ2W+.147","action":"GetUpdates", "result":"DeleteReceived", "context":{"id":"8bbd8f58-d0ad-42bb-bfe7-a8a5f822239e", "isDeleted:":"true", "version":"1676186179267"}}
{"logTime": "0213/184139", "correlationVector":"zpNipN/CAtcdymumiPJ2W+.148","action":"GetUpdates", "result":"DeleteReceived", "context":{"id":"d4f5255e-6f1a-47be-8bd4-5cb7dd1933ce", "isDeleted:":"true", "version":"1676186964658"}}
{"logTime": "0213/184139", "correlationVector":"zpNipN/CAtcdymumiPJ2W+.149","action":"GetUpdates", "result":"DeleteReceived", "context":{"id":"d9042115-0755-480a-b706-069ac7763c23", "isDeleted:":"true", "version":"1676188042491"}}
{"logTime": "0213/184139", "correlationVector":"zpNipN/CAtcdymumiPJ2W+.151","action":"GetUpdates", "result":"DeleteReceived", "context":{"id":"1ea6eba5-e789-4da0-95de-55df85107b71", "isDeleted:":"true", "version":"1676191346115"}}
{"logTime": "0213/184139", "correlationVector":"zpNipN/CAtcdymumiPJ2W+.152","action":"GetUpdates", "result":"DeleteReceived", "context":{"id":"fa92c69c-3149-4598-a47c-371c90a50add", "isDeleted:":"true", "version":"1676191919310"}}
{"logTime": "0213/184139", "correlationVector":"zpNipN/CAtcdymumiPJ2W+.153","action":"GetUpdates", "result":"DeleteReceived", "context":{"id":"6bf7d541-bf32-437a-a6cf-743563cae62b", "isDeleted:":"true", "version":"1676192837571"}}
{"logTime": "0213/184139", "correlationVector":"zpNipN/CAtcdymumiPJ2W+.154","action":"GetUpdates", "result":"DeleteReceived", "context":{"id":"ce7f81c8-8894-46ed-ab67-ee8f5e19f4e1", "isDeleted:":"true", "version":"1676193761862"}}
{"logTime": "0213/184139", "correlationVector":"zpNipN/CAtcdymumiPJ2W+.155","action":"GetUpdates", "result":"DeleteReceived", "context":{"id":"77641d4b-6c3c-485e-bba9-427f3432f820", "isDeleted:":"true", "version":"1676193986797"}}
{"logTime": "0213/184139", "correlationVector":"zpNipN/CAtcdymumiPJ2W+.156","action":"GetUpdates", "result":"DeleteReceived", "context":{"id":"670e703c-b891-42a3-b1d5-2218a2b125c4", "isDeleted:":"true", "version":"1676193986798"}}
{"logTime": "0213/184139", "correlationVector":"zpNipN/CAtcdymumiPJ2W+.157","action":"GetUpdates", "result":"DeleteReceived", "context":{"id":"f07c6132-5d8e-490a-a725-391dde1983d6", "isDeleted:":"true", "version":"1676194593588"}}
{"logTime": "0213/184139", "correlationVector":"zpNipN/CAtcdymumiPJ2W+.158","action":"GetUpdates", "result":"DeleteReceived", "context":{"id":"0cbde8ee-7fc6-40f9-bfe7-a657e4ec47b9", "isDeleted:":"true", "version":"1676194813148"}}
{"logTime": "0213/184139", "correlationVector":"zpNipN/CAtcdymumiPJ2W+.159","action":"GetUpdates", "result":"DeleteReceived", "context":{"id":"dd6491a7-2fb9-4190-9b5b-1907249340cd", "isDeleted:":"true", "version":"1676194813150"}}
{"logTime": "0213/184139", "correlationVector":"zpNipN/CAtcdymumiPJ2W+.160","action":"GetUpdates", "result":"DeleteReceived", "context":{"id":"2bf64e2d-4a29-4955-ba1b-fc0456b11272", "isDeleted:":"true", "version":"1676194813151"}}
{"logTime": "0213/184139", "correlationVector":"zpNipN/CAtcdymumiPJ2W+.161","action":"GetUpdates", "result":"DeleteReceived", "context":{"id":"6e0d93ec-21bb-4634-8909-ef74f01d6a09", "isDeleted:":"true", "version":"1676195911803"}}
{"logTime": "0213/184139", "correlationVector":"zpNipN/CAtcdymumiPJ2W+.162","action":"GetUpdates", "result":"DeleteReceived", "context":{"id":"4f6904d1-0d64-4bba-b46b-5b47d04dec29", "isDeleted:":"true", "version":"1676196299678"}}
{"logTime": "0213/184139", "correlationVector":"zpNipN/CAtcdymumiPJ2W+.163","action":"GetUpdates", "result":"DeleteReceived", "context":{"id":"be184e37-3920-431a-9c9e-47a3694ce172", "isDeleted:":"true", "version":"1676196944213"}}
{"logTime": "0213/184139", "correlationVector":"zpNipN/CAtcdymumiPJ2W+.164","action":"GetUpdates", "result":"DeleteReceived", "context":{"id":"349ffbbb-e006-4b92-99e1-bf7d4f1a393e", "isDeleted:":"true", "version":"1676197919173"}}
{"logTime": "0213/184139", "correlationVector":"zpNipN/CAtcdymumiPJ2W+.165","action":"GetUpdates", "result":"DeleteReceived", "context":{"id":"35c1d4fb-9804-474f-a0a0-20c52f939d86", "isDeleted:":"true", "version":"1676198425021"}}
{"logTime": "0213/184139", "correlationVector":"zpNipN/CAtcdymumiPJ2W+.166","action":"GetUpdates Response", "result":"SERVER_MORE_TO_DOWNLOAD", "context":Received 250 update(s).  Some updates remain.}
{"logTime": "0213/184139", "correlationVector":"wMsueeVqquIot8/1Qd6DBA","action":"Normal GetUpdate request", "result":"", "context":cV=wMsueeVqquIot8/1Qd6DBA
Nudged types: Sessions, Device Info, User Consents
Refresh requested types: Bookmarks, Preferences, Passwords, Autofill Profiles, Autofill, Autofill Custom Data, Typed URLs, Extensions, Sessions, Extension settings, History Delete Directives, Device Info, User Consents, Send Tab To Self, Web Apps, Collection, Encryption Keys}
{"logTime": "0213/184139", "correlationVector":"wMsueeVqquIot8/1Qd6DBA.1","action":"SyncServerConnectionManagerRequest", "result":"SYNC_SERVER_OK", "context":{"environment":"Prod_SoutheastAsia_000j", "server":"GENERAL01000001"}}
{"logTime": "0213/184139", "correlationVector":"wMsueeVqquIot8/1Qd6DBA.2","action":"GetUpdates", "result":"DeleteReceived", "context":{"id":"81a9c7d9-b6b0-485d-b4d5-b222ff59bdd2", "isDeleted:":"true", "version":"1676237176116"}}
{"logTime": "0213/184139", "correlationVector":"wMsueeVqquIot8/1Qd6DBA.3","action":"GetUpdates", "result":"DeleteReceived", "context":{"id":"65237ac1-23b8-498d-a0d3-af683c6913d0", "isDeleted:":"true", "version":"1676198524278"}}
{"logTime": "0213/184139", "correlationVector":"wMsueeVqquIot8/1Qd6DBA.4","action":"GetUpdates", "result":"DeleteReceived", "context":{"id":"0116373b-f3eb-40b7-b6f5-fea3ab51c73c", "isDeleted:":"true", "version":"1676200522215"}}
{"logTime": "0213/184139", "correlationVector":"wMsueeVqquIot8/1Qd6DBA.5","action":"GetUpdates", "result":"DeleteReceived", "context":{"id":"d9563f86-61dd-435a-999f-78954945653e", "isDeleted:":"true", "version":"1676201224560"}}
{"logTime": "0213/184139", "correlationVector":"wMsueeVqquIot8/1Qd6DBA.6","action":"GetUpdates", "result":"DeleteReceived", "context":{"id":"0b4d2255-9d8c-4aca-af85-e32e3e0c2309", "isDeleted:":"true", "version":"1676204669557"}}
{"logTime": "0213/184139", "correlationVector":"wMsueeVqquIot8/1Qd6DBA.7","action":"GetUpdates", "result":"DeleteReceived", "context":{"id":"fbbd4725-bea8-4859-8adc-75e6267d0e2f", "isDeleted:":"true", "version":"1676205573060"}}
{"logTime": "0213/184139", "correlationVector":"wMsueeVqquIot8/1Qd6DBA.8","action":"GetUpdates", "result":"DeleteReceived", "context":{"id":"c2b02705-6d96-4077-92fa-78d055a1a5ec", "isDeleted:":"true", "version":"1676210952825"}}
{"logTime": "0213/184139", "correlationVector":"wMsueeVqquIot8/1Qd6DBA.9","action":"GetUpdates", "result":"DeleteReceived", "context":{"id":"31d4d47b-2c84-4faa-9291-61ba45a18f64", "isDeleted:":"true", "version":"1676211997650"}}
{"logTime": "0213/184139", "correlationVector":"wMsueeVqquIot8/1Qd6DBA.10","action":"GetUpdates", "result":"DeleteReceived", "context":{"id":"a6e76d79-d4cf-4d33-97e3-c8bb8c832fd8", "isDeleted:":"true", "version":"1676212362024"}}
{"logTime": "0213/184139", "correlationVector":"wMsueeVqquIot8/1Qd6DBA.12","action":"GetUpdates", "result":"DeleteReceived", "context":{"id":"a98b0b42-d2ac-4823-ae5b-63913ff97253", "isDeleted:":"true", "version":"1676222201221"}}
{"logTime": "0213/184139", "correlationVector":"wMsueeVqquIot8/1Qd6DBA.14","action":"GetUpdates", "result":"DeleteReceived", "context":{"id":"f614c528-f8e5-4288-83df-59b9276d2500", "isDeleted:":"true", "version":"1676225387355"}}
{"logTime": "0213/184139", "correlationVector":"wMsueeVqquIot8/1Qd6DBA.15","action":"GetUpdates", "result":"DeleteReceived", "context":{"id":"15297f0e-31fa-4232-a58d-4cee9c9af4bb", "isDeleted:":"true", "version":"1676232865704"}}
{"logTime": "0213/184139", "correlationVector":"wMsueeVqquIot8/1Qd6DBA.16","action":"GetUpdates", "result":"DeleteReceived", "context":{"id":"c16201eb-2d65-4c12-ad5a-a1f8d8f879c9", "isDeleted:":"true", "version":"1676233601485"}}
{"logTime": "0213/184139", "correlationVector":"wMsueeVqquIot8/1Qd6DBA.17","action":"GetUpdates", "result":"DeleteReceived", "context":{"id":"97df69ef-fead-418d-81a9-95926d1f2416", "isDeleted:":"true", "version":"1676234020161"}}
{"logTime": "0213/184139", "correlationVector":"wMsueeVqquIot8/1Qd6DBA.18","action":"GetUpdates", "result":"DeleteReceived", "context":{"id":"2098f796-452f-4971-8528-cd4477fb56fe", "isDeleted:":"true", "version":"1676234020162"}}
{"logTime": "0213/184139", "correlationVector":"wMsueeVqquIot8/1Qd6DBA.19","action":"GetUpdates", "result":"DeleteReceived", "context":{"id":"ed35d30d-ab54-482b-9332-2ceb163b3816", "isDeleted:":"true", "version":"1676237176117"}}
{"logTime": "0213/184139", "correlationVector":"wMsueeVqquIot8/1Qd6DBA.20","action":"GetUpdates", "result":"DeleteReceived", "context":{"id":"66349b8d-8712-4c1b-95bc-89282e8f6454", "isDeleted:":"true", "version":"1676237176118"}}
{"logTime": "0213/184139", "correlationVector":"wMsueeVqquIot8/1Qd6DBA.21","action":"GetUpdates", "result":"DeleteReceived", "context":{"id":"0cea4139-6fcd-427b-b031-b71a33e80956", "isDeleted:":"true", "version":"1676237176120"}}
{"logTime": "0213/184139", "correlationVector":"wMsueeVqquIot8/1Qd6DBA.22","action":"GetUpdates", "result":"DeleteReceived", "context":{"id":"6c51ba1a-ba97-4a1f-a3cb-59bd85810675", "isDeleted:":"true", "version":"1676237176121"}}
{"logTime": "0213/184139", "correlationVector":"wMsueeVqquIot8/1Qd6DBA.23","action":"GetUpdates", "result":"DeleteReceived", "context":{"id":"5ea00dfc-17ab-42df-88c4-b2b5b7a7b0d5", "isDeleted:":"true", "version":"1676266870067"}}
{"logTime": "0213/184139", "correlationVector":"wMsueeVqquIot8/1Qd6DBA.24","action":"GetUpdates", "result":"DeleteReceived", "context":{"id":"a003aec3-b545-48af-b287-4bfb3bce9417", "isDeleted:":"true", "version":"1676266870068"}}
{"logTime": "0213/184139", "correlationVector":"wMsueeVqquIot8/1Qd6DBA.25","action":"GetUpdates", "result":"DeleteReceived", "context":{"id":"bcb246d0-cc2f-41f1-9190-d73a43ae75f3", "isDeleted:":"true", "version":"1676266870069"}}
{"logTime": "0213/184139", "correlationVector":"wMsueeVqquIot8/1Qd6DBA.26","action":"GetUpdates", "result":"DeleteReceived", "context":{"id":"64ee634e-e5d2-477d-a06c-fdbc627363c3", "isDeleted:":"true", "version":"1676266870070"}}
{"logTime": "0213/184139", "correlationVector":"wMsueeVqquIot8/1Qd6DBA.27","action":"GetUpdates", "result":"DeleteReceived", "context":{"id":"8b75569f-2034-44fe-87fb-c9636467d0bb", "isDeleted:":"true", "version":"1676267438693"}}
{"logTime": "0213/184139", "correlationVector":"wMsueeVqquIot8/1Qd6DBA.28","action":"GetUpdates", "result":"DeleteReceived", "context":{"id":"e7fa210f-ff41-48c2-b25e-bad8546bd2d0", "isDeleted:":"true", "version":"1676267488506"}}
{"logTime": "0213/184139", "correlationVector":"wMsueeVqquIot8/1Qd6DBA.29","action":"GetUpdates", "result":"DeleteReceived", "context":{"id":"c937a8d2-53e2-4138-a6c0-8037781b201c", "isDeleted:":"true", "version":"1676267551406"}}
{"logTime": "0213/184139", "correlationVector":"wMsueeVqquIot8/1Qd6DBA.30","action":"GetUpdates", "result":"DeleteReceived", "context":{"id":"01d5dd3d-5190-430c-99db-8a3534ddc409", "isDeleted:":"true", "version":"1676268302776"}}
{"logTime": "0213/184139", "correlationVector":"wMsueeVqquIot8/1Qd6DBA.31","action":"GetUpdates", "result":"DeleteReceived", "context":{"id":"0449beaf-7596-418f-ac26-0b5238357769", "isDeleted:":"true", "version":"1676270106305"}}
{"logTime": "0213/184139", "correlationVector":"wMsueeVqquIot8/1Qd6DBA.32","action":"GetUpdates", "result":"DeleteReceived", "context":{"id":"6867050c-a257-4aa6-bb22-d863b4b123b2", "isDeleted:":"true", "version":"1676280066459"}}
{"logTime": "0213/184139", "correlationVector":"wMsueeVqquIot8/1Qd6DBA.33","action":"GetUpdates", "result":"DeleteReceived", "context":{"id":"6ae85fa2-5413-4695-b403-2c3540bf7a61", "isDeleted:":"true", "version":"1676280565468"}}
{"logTime": "0213/184139", "correlationVector":"wMsueeVqquIot8/1Qd6DBA.34","action":"GetUpdates", "result":"DeleteReceived", "context":{"id":"054d6aa0-a09c-4d22-8e45-8dd0e5b1cc52", "isDeleted:":"true", "version":"1676285036586"}}
{"logTime": "0213/184139", "correlationVector":"wMsueeVqquIot8/1Qd6DBA.35","action":"GetUpdates", "result":"DeleteReceived", "context":{"id":"3e90cf97-96e0-4d5b-aff3-1ee956920acc", "isDeleted:":"true", "version":"1676285322765"}}
{"logTime": "0213/184139", "correlationVector":"wMsueeVqquIot8/1Qd6DBA.36","action":"GetUpdates", "result":"DeleteReceived", "context":{"id":"caba119b-e12f-4398-a03b-66ad9f2ec558", "isDeleted:":"true", "version":"1676298197545"}}
{"logTime": "0213/184139", "correlationVector":"wMsueeVqquIot8/1Qd6DBA.37","action":"GetUpdates", "result":"DeleteReceived", "context":{"id":"91bdb69c-304f-452c-adbb-cae36a09f4d6", "isDeleted:":"true", "version":"1676304688952"}}
{"logTime": "0213/184139", "correlationVector":"wMsueeVqquIot8/1Qd6DBA.38","action":"GetUpdates", "result":"DeleteReceived", "context":{"id":"df2062a7-c247-41b8-9805-89cd99b01a79", "isDeleted:":"true", "version":"1676304995790"}}
{"logTime": "0213/184139", "correlationVector":"wMsueeVqquIot8/1Qd6DBA.39","action":"GetUpdates", "result":"DeleteReceived", "context":{"id":"fe2e2b0d-7e06-44c1-aa1e-8aa7cb99411f", "isDeleted:":"true", "version":"1676305412564"}}
{"logTime": "0213/184139", "correlationVector":"wMsueeVqquIot8/1Qd6DBA.40","action":"GetUpdates", "result":"DeleteReceived", "context":{"id":"6780949e-650a-4e21-84a7-f6aa5cb53ec4", "isDeleted:":"true", "version":"1676306401456"}}
{"logTime": "0213/184139", "correlationVector":"wMsueeVqquIot8/1Qd6DBA.41","action":"GetUpdates", "result":"DeleteReceived", "context":{"id":"8df89ce0-af34-40be-96ce-02b56d4bae50", "isDeleted:":"true", "version":"1676306401457"}}
{"logTime": "0213/184139", "correlationVector":"wMsueeVqquIot8/1Qd6DBA.42","action":"GetUpdates", "result":"DeleteReceived", "context":{"id":"ab5cb287-cbe3-4404-9226-841d3ac6839f", "isDeleted:":"true", "version":"1676306401459"}}
{"logTime": "0213/184139", "correlationVector":"wMsueeVqquIot8/1Qd6DBA.43","action":"GetUpdates", "result":"DeleteReceived", "context":{"id":"b82b68f3-aa54-4436-8213-05157528e5f1", "isDeleted:":"true", "version":"1676308207054"}}
{"logTime": "0213/184139", "correlationVector":"wMsueeVqquIot8/1Qd6DBA.44","action":"GetUpdates", "result":"DeleteReceived", "context":{"id":"f7d2f83e-8e0e-4ce9-8792-c3b0b5f24101", "isDeleted:":"true", "version":"1676308428874"}}
{"logTime": "0213/184139", "correlationVector":"wMsueeVqquIot8/1Qd6DBA.46","action":"GetUpdates", "result":"DeleteReceived", "context":{"id":"0241dbfe-d5b3-4df0-853e-dd456b608ffb", "isDeleted:":"true", "version":"1676308428877"}}
{"logTime": "0213/184140", "correlationVector":"wMsueeVqquIot8/1Qd6DBA.47","action":"GetUpdates", "result":"DeleteReceived", "context":{"id":"3457d158-80e3-41e2-9785-82fed299a1fb", "isDeleted:":"true", "version":"1676308460440"}}
{"logTime": "0213/184140", "correlationVector":"wMsueeVqquIot8/1Qd6DBA.48","action":"GetUpdates", "result":"DeleteReceived", "context":{"id":"3e1b1b8b-684b-49e8-9273-e1d44268756f", "isDeleted:":"true", "version":"1676308760160"}}
{"logTime": "0213/184140", "correlationVector":"wMsueeVqquIot8/1Qd6DBA.49","action":"GetUpdates", "result":"DeleteReceived", "context":{"id":"6f742843-4d4a-4842-9cef-80d9568c8185", "isDeleted:":"true", "version":"1676308953481"}}
{"logTime": "0213/184140", "correlationVector":"wMsueeVqquIot8/1Qd6DBA.50","action":"GetUpdates", "result":"DeleteReceived", "context":{"id":"1f55e51d-4025-4859-83ad-1549965849af", "isDeleted:":"true", "version":"1676309254797"}}
{"logTime": "0213/184140", "correlationVector":"wMsueeVqquIot8/1Qd6DBA.51","action":"GetUpdates", "result":"DeleteReceived", "context":{"id":"d8b79d1c-85eb-48bb-bd97-0409efbdbc6f", "isDeleted:":"true", "version":"1676309254798"}}
{"logTime": "0213/184140", "correlationVector":"wMsueeVqquIot8/1Qd6DBA.52","action":"GetUpdates", "result":"DeleteReceived", "context":{"id":"96696ecd-e775-4114-972f-c03a9c696715", "isDeleted:":"true", "version":"1676309571103"}}
{"logTime": "0213/184140", "correlationVector":"wMsueeVqquIot8/1Qd6DBA.53","action":"GetUpdates", "result":"DeleteReceived", "context":{"id":"c3e2db5b-936c-40af-9b03-2f3486601eec", "isDeleted:":"true", "version":"1676309651989"}}
{"logTime": "0213/184140", "correlationVector":"wMsueeVqquIot8/1Qd6DBA.54","action":"GetUpdates", "result":"DeleteReceived", "context":{"id":"8356175d-6b6a-4d4a-bca3-8d09a21fcd14", "isDeleted:":"true", "version":"1676310162339"}}
{"logTime": "0213/184140", "correlationVector":"wMsueeVqquIot8/1Qd6DBA.55","action":"GetUpdates", "result":"DeleteReceived", "context":{"id":"1e4920e6-4c78-452c-8319-465d21c88c7b", "isDeleted:":"true", "version":"1676313110697"}}
{"logTime": "0213/184140", "correlationVector":"wMsueeVqquIot8/1Qd6DBA.57","action":"GetUpdates Response", "result":"SYNCER_OK", "context":Received 79 update(s). cV=wMsueeVqquIot8/1Qd6DBA.0;server=GENERAL01000001;cloudType=Consumer;environment=Prod_SoutheastAsia_000j}
{"logTime": "0213/184140", "correlationVector":"Jro94KYOAfrZbyYosl8wpp.1","action":"SyncServerConnectionManagerRequest", "result":"SYNC_SERVER_OK", "context":{"environment":"Prod_SoutheastAsia_000j", "server":"GENERAL0100000N"}}
{"logTime": "0213/184140", "correlationVector":"Jro94KYOAfrZbyYosl8wpp.2","action":"Commit Response", "result":"SYNCER_OK", "context":Result: SYNCER_OK. cV=Jro94KYOAfrZbyYosl8wpp.0;server=GENERAL0100000N;cloudType=Consumer;environment=Prod_SoutheastAsia_000j}
{"logTime": "0213/184140", "correlationVector":"HYM5IM/FU+T7gp2svHD4E5","action":"Poll GetUpdate request", "result":"", "context":cV=HYM5IM/FU+T7gp2svHD4E5}
{"logTime": "0213/184140", "correlationVector":"HYM5IM/FU+T7gp2svHD4E5.1","action":"SyncServerConnectionManagerRequest", "result":"SYNC_SERVER_OK", "context":{"environment":"Prod_SoutheastAsia_000j", "server":"GENERAL0100001E"}}
{"logTime": "0213/184140", "correlationVector":"HYM5IM/FU+T7gp2svHD4E5.2","action":"GetUpdates Response", "result":"SYNCER_OK", "context":Received 0 update(s). cV=HYM5IM/FU+T7gp2svHD4E5.0;server=GENERAL0100001E;cloudType=Consumer;environment=Prod_SoutheastAsia_000j}
{"logTime": "0213/184140", "correlationVector":"eWx5VGrkHDGxP5wbfs4R7N","action":"Normal GetUpdate request", "result":"", "context":cV=eWx5VGrkHDGxP5wbfs4R7N
Nudged types: Preferences, Device Info
Refresh requested types: Device Info}
{"logTime": "0213/184140", "correlationVector":"eWx5VGrkHDGxP5wbfs4R7N.1","action":"SyncServerConnectionManagerRequest", "result":"SYNC_SERVER_OK", "context":{"environment":"Prod_EastAsia_000d", "server":"GENERAL01000006"}}
{"logTime": "0213/184140", "correlationVector":"eWx5VGrkHDGxP5wbfs4R7N.2","action":"GetUpdates Response", "result":"SYNCER_OK", "context":Received 0 update(s). cV=eWx5VGrkHDGxP5wbfs4R7N.0;server=GENERAL01000006;cloudType=Consumer;environment=Prod_EastAsia_000d}
{"logTime": "0213/184140", "correlationVector":"o3wKhQN6POEVnU6Z+7CemZ","action":"Commit Request", "result":"", "context":Item count: 1
Contributing types: Preferences}
{"logTime": "0213/184140", "correlationVector":"o3wKhQN6POEVnU6Z+7CemZ.1","action":"SyncServerConnectionManagerRequest", "result":"SYNC_SERVER_OK", "context":{"environment":"Prod_EastAsia_000d", "server":"GENERAL01000002"}}
{"logTime": "0213/184140", "correlationVector":"o3wKhQN6POEVnU6Z+7CemZ.2","action":"Commit Response", "result":"SYNCER_OK", "context":Result: SYNCER_OK. cV=o3wKhQN6POEVnU6Z+7CemZ.0;server=GENERAL01000002;cloudType=Consumer;environment=Prod_EastAsia_000d}
{"logTime": "0213/184140", "correlationVector":"mzg3q9Kcuf8phaw2M2KocU","action":"Normal GetUpdate request", "result":"", "context":cV=mzg3q9Kcuf8phaw2M2KocU
Nudged types: Device Info
Refresh requested types: Device Info
Is retry: True}
{"logTime": "0213/184140", "correlationVector":"mzg3q9Kcuf8phaw2M2KocU.1","action":"SyncServerConnectionManagerRequest", "result":"SYNC_SERVER_OK", "context":{"environment":"Prod_EastAsia_000d", "server":"GENERAL0100000D"}}
{"logTime": "0213/184140", "correlationVector":"mzg3q9Kcuf8phaw2M2KocU.2","action":"GetUpdates Response", "result":"SYNCER_OK", "context":Received 4 update(s). cV=mzg3q9Kcuf8phaw2M2KocU.0;server=GENERAL0100000D;cloudType=Consumer;environment=Prod_EastAsia_000d}
{"logTime": "0213/184140", "correlationVector":"xMsnFHizvxqb9/icdD11ZG","action":"Normal GetUpdate request", "result":"", "context":cV=xMsnFHizvxqb9/icdD11ZG
Nudged types: Device Info
Refresh requested types: Device Info}
{"logTime": "0213/184140", "correlationVector":"xMsnFHizvxqb9/icdD11ZG.1","action":"SyncServerConnectionManagerRequest", "result":"SYNC_SERVER_OK", "context":{"environment":"Prod_EastAsia_000d", "server":"GENERAL0100001K"}}
{"logTime": "0213/184140", "correlationVector":"xMsnFHizvxqb9/icdD11ZG.2","action":"GetUpdates Response", "result":"SYNCER_OK", "context":Received 0 update(s). cV=xMsnFHizvxqb9/icdD11ZG.0;server=GENERAL0100001K;cloudType=Consumer;environment=Prod_EastAsia_000d}
{"logTime": "0213/184140", "correlationVector":"44Ob8RY2RIQUxOPZfNHTcU","action":"Commit Request", "result":"", "context":Item count: 1
Contributing types: Device Info}
{"logTime": "0213/184140", "correlationVector":"44Ob8RY2RIQUxOPZfNHTcU.1","action":"SyncServerConnectionManagerRequest", "result":"SYNC_SERVER_OK", "context":{"environment":"Prod_EastAsia_000d", "server":"GENERAL0100001D"}}
{"logTime": "0213/184140", "correlationVector":"44Ob8RY2RIQUxOPZfNHTcU.2","action":"Commit Response", "result":"SYNCER_OK", "context":Result: SYNCER_OK. cV=44Ob8RY2RIQUxOPZfNHTcU.0;server=GENERAL0100001D;cloudType=Consumer;environment=Prod_EastAsia_000d}
{"logTime": "0213/184140", "correlationVector":"44Ob8RY2RIQUxOPZfNHTcU.3","action":"Commit.Device Info", "result":"Conflict", "context":{"id":"043010ff-aa81-4b93-85df-479fe563d7c1", "isDeleted":"false", "size":"294", "version":"1676194391560"}}
